2025-09-18 14:51:01,980 - twitter_scraper - INFO - Loaded 5 mock tweets and 1 mock users
2025-09-18 14:51:01,983 - twitter_scraper - INFO - Connected to Mock Database successfully
2025-09-18 14:51:01,983 - twitter_scraper - INFO - Disconnected from Mock Database
2025-09-18 14:51:01,984 - twitter_scraper - INFO - 📊 Current Scraping Status:
2025-09-18 14:51:01,985 - twitter_scraper - INFO -    Running: False
2025-09-18 14:51:01,985 - twitter_scraper - INFO -    Total tweets: 5
2025-09-18 14:51:01,986 - twitter_scraper - INFO -    Consecutive failures: 0
2025-09-18 14:51:01,986 - twitter_scraper - INFO -    User: @prismcollect_ (Prismatic Collections)
2025-09-18 14:51:01,987 - twitter_scraper - INFO -    Followers: 1250
2025-09-18 14:51:01,987 - twitter_scraper - INFO -    Verified: False
2025-09-18 14:52:08,671 - twitter_scraper - INFO - 🧪 Testing Mock Database Functionality
2025-09-18 14:52:08,674 - twitter_scraper - INFO - Loaded 5 mock tweets and 1 mock users
2025-09-18 14:52:08,675 - twitter_scraper - INFO - Connected to Mock Database successfully
2025-09-18 14:52:08,678 - twitter_scraper - INFO - 📄 Retrieved 5 tweets
2025-09-18 14:52:08,679 - twitter_scraper - INFO -    1. 1834567890123456789: 🎵 Just released a new interactive music experience...
2025-09-18 14:52:08,680 - twitter_scraper - INFO -    2. 1834567890123456788: Working on some exciting new 3D visualizations usi...
2025-09-18 14:52:08,681 - twitter_scraper - INFO -    3. 1834567890123456787: Behind the scenes: Our development workflow combin...
2025-09-18 14:52:08,682 - twitter_scraper - INFO - 👤 User: @prismcollect_ (Prismatic Collections)
2025-09-18 14:52:08,683 - twitter_scraper - INFO -    Followers: 1250
2025-09-18 14:52:08,683 - twitter_scraper - INFO - Created mock scraping session: session_1758199928_4b75dafc
2025-09-18 14:52:08,684 - twitter_scraper - INFO - 📊 Created session: session_1758199928_4b75dafc
2025-09-18 14:52:08,685 - twitter_scraper - INFO - ✅ Updated session successfully
2025-09-18 14:52:08,685 - twitter_scraper - INFO - 📈 Total tweets in database: 5
2025-09-18 14:52:08,686 - twitter_scraper - INFO - Disconnected from Mock Database
2025-09-18 14:52:08,687 - twitter_scraper - INFO - 🎉 Mock database test completed successfully!
2025-09-18 15:54:00,318 - twitter_scraper - INFO - 🧪 Testing EdgeDB connection and operations...
2025-09-18 15:54:00,321 - twitter_scraper - INFO - Testing database connection...
2025-09-18 15:54:00,322 - twitter_scraper - INFO - Connecting to EdgeDB database...
2025-09-18 15:54:00,353 - twitter_scraper - ERROR - Failed to connect to EdgeDB: [SSL: CERTIFICATE_VERIFY_FAILED] certificate verify failed: self-signed certificate (_ssl.c:1000)
	After 1 attempts in 0.0 sec
	Is the server running on host 'localhost' and accepting 
	TCP/IP connections on port 5656?
2025-09-18 15:54:00,354 - twitter_scraper - ERROR - Failed to connect to EdgeDB
2025-09-18 15:54:00,355 - twitter_scraper - INFO - Disconnected from EdgeDB database
2025-09-18 15:54:00,356 - twitter_scraper - ERROR - ❌ EdgeDB setup has issues that need to be resolved
2025-09-18 15:54:43,409 - twitter_scraper - INFO - 🧪 Testing EdgeDB connection and operations...
2025-09-18 15:54:43,413 - twitter_scraper - INFO - Testing database connection...
2025-09-18 15:54:43,414 - twitter_scraper - INFO - Connecting to EdgeDB database...
2025-09-18 15:54:43,414 - twitter_scraper - ERROR - Failed to connect to EdgeDB: create_async_client() got an unexpected keyword argument 'instance'
2025-09-18 15:54:43,415 - twitter_scraper - ERROR - Failed to connect to EdgeDB
2025-09-18 15:54:43,416 - twitter_scraper - INFO - Disconnected from EdgeDB database
2025-09-18 15:54:43,416 - twitter_scraper - ERROR - ❌ EdgeDB setup has issues that need to be resolved
2025-09-18 15:54:54,169 - twitter_scraper - INFO - 🧪 Testing EdgeDB connection and operations...
2025-09-18 15:54:54,172 - twitter_scraper - INFO - Testing database connection...
2025-09-18 15:54:54,173 - twitter_scraper - INFO - Connecting to EdgeDB database...
2025-09-18 15:54:54,284 - twitter_scraper - INFO - Successfully connected to EdgeDB database
2025-09-18 15:54:54,285 - twitter_scraper - INFO - ✅ Successfully connected to EdgeDB
2025-09-18 15:54:54,286 - twitter_scraper - INFO - Testing user operations...
2025-09-18 15:54:54,370 - twitter_scraper - ERROR - Failed to save user @prismcollect_: invalid input for query argument $created_at: datetime.datetime(2025, 9, 18, 15, 54, 5... (a timezone-aware datetime object (tzinfo is not None) was expected)
2025-09-18 15:54:54,371 - twitter_scraper - ERROR - ❌ User save operation failed
2025-09-18 15:54:54,373 - twitter_scraper - INFO - Disconnected from EdgeDB database
2025-09-18 15:54:54,375 - twitter_scraper - ERROR - ❌ EdgeDB setup has issues that need to be resolved
2025-09-18 15:55:21,470 - twitter_scraper - INFO - 🧪 Testing EdgeDB connection and operations...
2025-09-18 15:55:21,474 - twitter_scraper - INFO - Testing database connection...
2025-09-18 15:55:21,475 - twitter_scraper - INFO - Connecting to EdgeDB database...
2025-09-18 15:55:21,501 - twitter_scraper - INFO - Successfully connected to EdgeDB database
2025-09-18 15:55:21,502 - twitter_scraper - INFO - ✅ Successfully connected to EdgeDB
2025-09-18 15:55:21,503 - twitter_scraper - INFO - Testing user operations...
2025-09-18 15:55:21,515 - twitter_scraper - INFO - ✅ User save operation successful
2025-09-18 15:55:21,570 - twitter_scraper - INFO - ✅ User retrieval successful: @prismcollect_
2025-09-18 15:55:21,571 - twitter_scraper - INFO - Testing tweet operations...
2025-09-18 15:55:21,616 - twitter_scraper - ERROR - Failed to save tweet test_tweet_123456789: invalid target for property 'mediaUrls' of object type 'default::Tweet': 'array<std::str>' (expecting 'std::str')
2025-09-18 15:55:21,617 - twitter_scraper - ERROR - ❌ Tweet save operation failed
2025-09-18 15:55:21,619 - twitter_scraper - INFO - Disconnected from EdgeDB database
2025-09-18 15:55:21,620 - twitter_scraper - ERROR - ❌ EdgeDB setup has issues that need to be resolved
2025-09-18 15:55:44,020 - twitter_scraper - INFO - 🧪 Testing EdgeDB connection and operations...
2025-09-18 15:55:44,023 - twitter_scraper - INFO - Testing database connection...
2025-09-18 15:55:44,024 - twitter_scraper - INFO - Connecting to EdgeDB database...
2025-09-18 15:55:44,045 - twitter_scraper - INFO - Successfully connected to EdgeDB database
2025-09-18 15:55:44,046 - twitter_scraper - INFO - ✅ Successfully connected to EdgeDB
2025-09-18 15:55:44,046 - twitter_scraper - INFO - Testing user operations...
2025-09-18 15:55:44,052 - twitter_scraper - INFO - ✅ User save operation successful
2025-09-18 15:55:44,055 - twitter_scraper - INFO - ✅ User retrieval successful: @prismcollect_
2025-09-18 15:55:44,056 - twitter_scraper - INFO - Testing tweet operations...
2025-09-18 15:55:44,102 - twitter_scraper - ERROR - Failed to save tweet test_tweet_123456789: invalid target for property 'mediaUrls' of object type 'default::Tweet': 'array<std::str>' (expecting 'std::str')
2025-09-18 15:55:44,104 - twitter_scraper - ERROR - ❌ Tweet save operation failed
2025-09-18 15:55:44,106 - twitter_scraper - INFO - Disconnected from EdgeDB database
2025-09-18 15:55:44,107 - twitter_scraper - ERROR - ❌ EdgeDB setup has issues that need to be resolved
2025-09-18 15:56:13,216 - twitter_scraper - INFO - 🧪 Testing EdgeDB connection and operations...
2025-09-18 15:56:13,220 - twitter_scraper - INFO - Testing database connection...
2025-09-18 15:56:13,221 - twitter_scraper - INFO - Connecting to EdgeDB database...
2025-09-18 15:56:13,258 - twitter_scraper - INFO - Successfully connected to EdgeDB database
2025-09-18 15:56:13,258 - twitter_scraper - INFO - ✅ Successfully connected to EdgeDB
2025-09-18 15:56:13,259 - twitter_scraper - INFO - Testing user operations...
2025-09-18 15:56:13,265 - twitter_scraper - INFO - ✅ User save operation successful
2025-09-18 15:56:13,268 - twitter_scraper - INFO - ✅ User retrieval successful: @prismcollect_
2025-09-18 15:56:13,269 - twitter_scraper - INFO - Testing tweet operations...
2025-09-18 15:56:13,403 - twitter_scraper - INFO - ✅ Tweet save operation successful
2025-09-18 15:56:13,453 - twitter_scraper - INFO - ✅ Tweet retrieval successful: test_tweet_123456789
2025-09-18 15:56:13,454 - twitter_scraper - INFO - Testing session operations...
2025-09-18 15:56:13,490 - twitter_scraper - ERROR - Failed to create scraping session: invalid input for query argument $start_time: datetime.datetime(2025, 9, 18, 15, 56, 1... (a timezone-aware datetime object (tzinfo is not None) was expected)
2025-09-18 15:56:13,491 - twitter_scraper - ERROR - ❌ Session creation failed
2025-09-18 15:56:13,493 - twitter_scraper - INFO - Disconnected from EdgeDB database
2025-09-18 15:56:13,494 - twitter_scraper - ERROR - ❌ EdgeDB setup has issues that need to be resolved
2025-09-18 15:56:32,684 - twitter_scraper - INFO - 🧪 Testing EdgeDB connection and operations...
2025-09-18 15:56:32,687 - twitter_scraper - INFO - Testing database connection...
2025-09-18 15:56:32,688 - twitter_scraper - INFO - Connecting to EdgeDB database...
2025-09-18 15:56:32,709 - twitter_scraper - INFO - Successfully connected to EdgeDB database
2025-09-18 15:56:32,710 - twitter_scraper - INFO - ✅ Successfully connected to EdgeDB
2025-09-18 15:56:32,710 - twitter_scraper - INFO - Testing user operations...
2025-09-18 15:56:32,717 - twitter_scraper - INFO - ✅ User save operation successful
2025-09-18 15:56:32,720 - twitter_scraper - INFO - ✅ User retrieval successful: @prismcollect_
2025-09-18 15:56:32,721 - twitter_scraper - INFO - Testing tweet operations...
2025-09-18 15:56:32,729 - twitter_scraper - INFO - ✅ Tweet save operation successful
2025-09-18 15:56:32,733 - twitter_scraper - INFO - ✅ Tweet retrieval successful: test_tweet_123456789
2025-09-18 15:56:32,734 - twitter_scraper - INFO - Testing session operations...
2025-09-18 15:56:32,785 - twitter_scraper - ERROR - Failed to create scraping session: invalid input value for enum 'default::ScrapingStatus': "running"
2025-09-18 15:56:32,786 - twitter_scraper - ERROR - ❌ Session creation failed
2025-09-18 15:56:32,787 - twitter_scraper - INFO - Disconnected from EdgeDB database
2025-09-18 15:56:32,788 - twitter_scraper - ERROR - ❌ EdgeDB setup has issues that need to be resolved
2025-09-18 15:56:47,751 - twitter_scraper - INFO - 🧪 Testing EdgeDB connection and operations...
2025-09-18 15:56:47,755 - twitter_scraper - INFO - Testing database connection...
2025-09-18 15:56:47,755 - twitter_scraper - INFO - Connecting to EdgeDB database...
2025-09-18 15:56:47,776 - twitter_scraper - INFO - Successfully connected to EdgeDB database
2025-09-18 15:56:47,777 - twitter_scraper - INFO - ✅ Successfully connected to EdgeDB
2025-09-18 15:56:47,778 - twitter_scraper - INFO - Testing user operations...
2025-09-18 15:56:47,784 - twitter_scraper - INFO - ✅ User save operation successful
2025-09-18 15:56:47,786 - twitter_scraper - INFO - ✅ User retrieval successful: @prismcollect_
2025-09-18 15:56:47,787 - twitter_scraper - INFO - Testing tweet operations...
2025-09-18 15:56:47,793 - twitter_scraper - INFO - ✅ Tweet save operation successful
2025-09-18 15:56:47,796 - twitter_scraper - INFO - ✅ Tweet retrieval successful: test_tweet_123456789
2025-09-18 15:56:47,797 - twitter_scraper - INFO - Testing session operations...
2025-09-18 15:56:47,802 - twitter_scraper - ERROR - Failed to create scraping session: invalid input value for enum 'default::ScrapingStatus': "ScrapingStatus.RUNNING"
2025-09-18 15:56:47,803 - twitter_scraper - ERROR - ❌ Session creation failed
2025-09-18 15:56:47,805 - twitter_scraper - INFO - Disconnected from EdgeDB database
2025-09-18 15:56:47,805 - twitter_scraper - ERROR - ❌ EdgeDB setup has issues that need to be resolved
2025-09-18 15:57:32,426 - twitter_scraper - INFO - 🧪 Testing EdgeDB connection and operations...
2025-09-18 15:57:32,430 - twitter_scraper - INFO - Testing database connection...
2025-09-18 15:57:32,431 - twitter_scraper - INFO - Connecting to EdgeDB database...
2025-09-18 15:57:32,470 - twitter_scraper - INFO - Successfully connected to EdgeDB database
2025-09-18 15:57:32,471 - twitter_scraper - INFO - ✅ Successfully connected to EdgeDB
2025-09-18 15:57:32,472 - twitter_scraper - INFO - Testing user operations...
2025-09-18 15:57:32,481 - twitter_scraper - INFO - ✅ User save operation successful
2025-09-18 15:57:32,484 - twitter_scraper - INFO - ✅ User retrieval successful: @prismcollect_
2025-09-18 15:57:32,485 - twitter_scraper - INFO - Testing tweet operations...
2025-09-18 15:57:32,493 - twitter_scraper - INFO - ✅ Tweet save operation successful
2025-09-18 15:57:32,499 - twitter_scraper - INFO - ✅ Tweet retrieval successful: test_tweet_123456789
2025-09-18 15:57:32,499 - twitter_scraper - INFO - Testing session operations...
2025-09-18 15:57:32,506 - twitter_scraper - ERROR - Failed to create scraping session: invalid input value for enum 'default::ScrapingStatus': "running"
2025-09-18 15:57:32,507 - twitter_scraper - ERROR - ❌ Session creation failed
2025-09-18 15:57:32,509 - twitter_scraper - INFO - Disconnected from EdgeDB database
2025-09-18 15:57:32,510 - twitter_scraper - ERROR - ❌ EdgeDB setup has issues that need to be resolved
2025-09-18 15:57:54,025 - twitter_scraper - INFO - 🧪 Testing EdgeDB connection and operations...
2025-09-18 15:57:54,029 - twitter_scraper - INFO - Testing database connection...
2025-09-18 15:57:54,030 - twitter_scraper - INFO - Connecting to EdgeDB database...
2025-09-18 15:57:54,050 - twitter_scraper - INFO - Successfully connected to EdgeDB database
2025-09-18 15:57:54,051 - twitter_scraper - INFO - ✅ Successfully connected to EdgeDB
2025-09-18 15:57:54,052 - twitter_scraper - INFO - Testing user operations...
2025-09-18 15:57:54,059 - twitter_scraper - INFO - ✅ User save operation successful
2025-09-18 15:57:54,064 - twitter_scraper - INFO - ✅ User retrieval successful: @prismcollect_
2025-09-18 15:57:54,065 - twitter_scraper - INFO - Testing tweet operations...
2025-09-18 15:57:54,075 - twitter_scraper - INFO - ✅ Tweet save operation successful
2025-09-18 15:57:54,081 - twitter_scraper - INFO - ✅ Tweet retrieval successful: test_tweet_123456789
2025-09-18 15:57:54,082 - twitter_scraper - INFO - Testing session operations...
2025-09-18 15:57:54,090 - twitter_scraper - INFO - Created scraping session: session_1758203874_e1159e3d
2025-09-18 15:57:54,091 - twitter_scraper - INFO - ✅ Session creation successful: session_1758203874_e1159e3d
2025-09-18 15:57:54,092 - twitter_scraper - ERROR - Failed to update scraping session session_1758203874_e1159e3d: name 'timezone' is not defined
2025-09-18 15:57:54,094 - twitter_scraper - ERROR - ❌ Session update failed
2025-09-18 15:57:54,098 - twitter_scraper - INFO - Disconnected from EdgeDB database
2025-09-18 15:57:54,099 - twitter_scraper - ERROR - ❌ EdgeDB setup has issues that need to be resolved
2025-09-18 15:58:10,817 - twitter_scraper - INFO - 🧪 Testing EdgeDB connection and operations...
2025-09-18 15:58:10,821 - twitter_scraper - INFO - Testing database connection...
2025-09-18 15:58:10,822 - twitter_scraper - INFO - Connecting to EdgeDB database...
2025-09-18 15:58:10,841 - twitter_scraper - INFO - Successfully connected to EdgeDB database
2025-09-18 15:58:10,842 - twitter_scraper - INFO - ✅ Successfully connected to EdgeDB
2025-09-18 15:58:10,843 - twitter_scraper - INFO - Testing user operations...
2025-09-18 15:58:10,848 - twitter_scraper - INFO - ✅ User save operation successful
2025-09-18 15:58:10,851 - twitter_scraper - INFO - ✅ User retrieval successful: @prismcollect_
2025-09-18 15:58:10,852 - twitter_scraper - INFO - Testing tweet operations...
2025-09-18 15:58:10,858 - twitter_scraper - INFO - ✅ Tweet save operation successful
2025-09-18 15:58:10,862 - twitter_scraper - INFO - ✅ Tweet retrieval successful: test_tweet_123456789
2025-09-18 15:58:10,863 - twitter_scraper - INFO - Testing session operations...
2025-09-18 15:58:10,868 - twitter_scraper - INFO - Created scraping session: session_1758203890_fb3b02b2
2025-09-18 15:58:10,869 - twitter_scraper - INFO - ✅ Session creation successful: session_1758203890_fb3b02b2
2025-09-18 15:58:10,908 - twitter_scraper - INFO - ✅ Session update successful
2025-09-18 15:58:10,916 - twitter_scraper - INFO - ✅ Current tweet count in database: 1
2025-09-18 15:58:10,917 - twitter_scraper - INFO - 🎉 All EdgeDB tests passed successfully!
2025-09-18 15:58:10,920 - twitter_scraper - INFO - Disconnected from EdgeDB database
2025-09-18 15:58:10,920 - twitter_scraper - INFO - ✅ EdgeDB is ready for Twitter scraping!
2025-09-18 15:58:59,501 - twitter_scraper - INFO - 🐦 Twitter Scraper Linux Application
2025-09-18 15:58:59,505 - twitter_scraper - INFO - Target: @prismcollect_
2025-09-18 15:58:59,506 - twitter_scraper - INFO - Database: EdgeDB
2025-09-18 15:58:59,506 - twitter_scraper - INFO - 🚀 Starting Twitter scraping session for @prismcollect_
2025-09-18 15:58:59,507 - twitter_scraper - INFO - Using Mock Database (EdgeDB not configured)
2025-09-18 15:58:59,508 - twitter_scraper - INFO - Loaded 5 mock tweets and 1 mock users
2025-09-18 15:58:59,509 - twitter_scraper - INFO - Connected to Mock Database successfully
2025-09-18 15:58:59,509 - twitter_scraper - INFO - Created mock scraping session: session_1758203939_46d8323f
2025-09-18 15:58:59,511 - twitter_scraper - INFO - Created scraping session: session_1758203939_46d8323f
2025-09-18 15:58:59,512 - twitter_scraper - INFO - Initializing Twitter scraper...
2025-09-18 15:59:00,199 - twitter_scraper - INFO - Browser initialized successfully with persistent context
2025-09-18 15:59:00,200 - twitter_scraper - INFO - Navigating to profile: https://x.com/prismcollect_
2025-09-18 15:59:05,194 - twitter_scraper - INFO - Successfully navigated to profile page
2025-09-18 15:59:05,195 - twitter_scraper - INFO - Extracting user profile information
2025-09-18 15:59:07,204 - twitter_scraper - ERROR - Failed to scrape user profile: Page.evaluate: TypeError: this.parseCount is not a function
    at eval (eval at evaluate (:226:30), <anonymous>:41:48)
    at NodeList.forEach (<anonymous>)
    at eval (eval at evaluate (:226:30), <anonymous>:35:35)
    at UtilityScript.evaluate (<anonymous>:233:19)
    at UtilityScript.<anonymous> (<anonymous>:1:44)
2025-09-18 15:59:07,206 - twitter_scraper - INFO - Starting tweet scraping...
2025-09-18 15:59:07,207 - twitter_scraper - INFO - Starting to scrape tweets (max: 5000)
2025-09-18 15:59:27,606 - twitter_scraper - INFO - No new tweets found after several scrolls, stopping
2025-09-18 15:59:27,607 - twitter_scraper - INFO - Scraping completed. Total tweets scraped: 0
2025-09-18 15:59:27,608 - twitter_scraper - WARNING - No tweets were scraped
2025-09-18 15:59:27,661 - twitter_scraper - INFO - Browser cleanup completed
2025-09-18 15:59:27,662 - twitter_scraper - INFO - Disconnected from Mock Database
2025-09-18 15:59:27,663 - twitter_scraper - INFO - 🧹 Cleanup completed
2025-09-18 15:59:57,465 - twitter_scraper - INFO - 🐦 Twitter Scraper Linux Application
2025-09-18 15:59:57,468 - twitter_scraper - INFO - Target: @prismcollect_
2025-09-18 15:59:57,470 - twitter_scraper - INFO - Database: EdgeDB
2025-09-18 15:59:57,470 - twitter_scraper - INFO - 🚀 Starting Twitter scraping session for @prismcollect_
2025-09-18 15:59:57,471 - twitter_scraper - INFO - Using Mock Database (EdgeDB not configured)
2025-09-18 15:59:57,473 - twitter_scraper - INFO - Loaded 5 mock tweets and 1 mock users
2025-09-18 15:59:57,474 - twitter_scraper - INFO - Connected to Mock Database successfully
2025-09-18 15:59:57,475 - twitter_scraper - INFO - Created mock scraping session: session_1758203997_7d14d129
2025-09-18 15:59:57,476 - twitter_scraper - INFO - Created scraping session: session_1758203997_7d14d129
2025-09-18 15:59:57,478 - twitter_scraper - INFO - Initializing Twitter scraper...
2025-09-18 15:59:57,937 - twitter_scraper - INFO - Browser initialized successfully with persistent context
2025-09-18 15:59:57,937 - twitter_scraper - INFO - Navigating to profile: https://x.com/prismcollect_
2025-09-18 16:00:01,742 - twitter_scraper - INFO - Successfully navigated to profile page
2025-09-18 16:00:01,743 - twitter_scraper - INFO - Extracting user profile information
2025-09-18 16:00:03,755 - twitter_scraper - INFO - User profile extracted: @prismcollect_ (Prismatic Collections)
2025-09-18 16:00:03,756 - twitter_scraper - INFO - Saved user profile: @prismcollect_
2025-09-18 16:00:03,756 - twitter_scraper - INFO - Starting tweet scraping...
2025-09-18 16:00:03,757 - twitter_scraper - INFO - Starting to scrape tweets (max: 5000)
2025-09-18 16:00:20,992 - twitter_scraper - INFO - No new tweets found after several scrolls, stopping
2025-09-18 16:00:20,993 - twitter_scraper - INFO - Scraping completed. Total tweets scraped: 0
2025-09-18 16:00:20,994 - twitter_scraper - WARNING - No tweets were scraped
2025-09-18 16:00:21,064 - twitter_scraper - INFO - Browser cleanup completed
2025-09-18 16:00:21,065 - twitter_scraper - INFO - Disconnected from Mock Database
2025-09-18 16:00:21,066 - twitter_scraper - INFO - 🧹 Cleanup completed
2025-09-18 16:00:44,541 - twitter_scraper - INFO - 🐦 Twitter Scraper Linux Application
2025-09-18 16:00:44,550 - twitter_scraper - INFO - Target: @prismcollect_
2025-09-18 16:00:44,551 - twitter_scraper - INFO - Database: EdgeDB
2025-09-18 16:00:44,552 - twitter_scraper - INFO - 🚀 Starting Twitter scraping session for @prismcollect_
2025-09-18 16:00:44,554 - twitter_scraper - INFO - Using EdgeDB Database
2025-09-18 16:00:44,555 - twitter_scraper - INFO - Connecting to EdgeDB database...
2025-09-18 16:00:44,616 - twitter_scraper - INFO - Successfully connected to EdgeDB database
2025-09-18 16:00:44,622 - twitter_scraper - INFO - Created scraping session: session_1758204044_4c4c99c6
2025-09-18 16:00:44,623 - twitter_scraper - INFO - Created scraping session: session_1758204044_4c4c99c6
2025-09-18 16:00:44,624 - twitter_scraper - INFO - Initializing Twitter scraper...
2025-09-18 16:00:45,109 - twitter_scraper - INFO - Browser initialized successfully with persistent context
2025-09-18 16:00:45,110 - twitter_scraper - INFO - Navigating to profile: https://x.com/prismcollect_
2025-09-18 16:00:48,250 - twitter_scraper - INFO - Successfully navigated to profile page
2025-09-18 16:00:48,251 - twitter_scraper - INFO - Extracting user profile information
2025-09-18 16:00:50,264 - twitter_scraper - INFO - User profile extracted: @prismcollect_ (Prismatic Collections)
2025-09-18 16:00:50,271 - twitter_scraper - INFO - Saved user profile: @prismcollect_
2025-09-18 16:00:50,272 - twitter_scraper - INFO - Starting tweet scraping...
2025-09-18 16:00:50,272 - twitter_scraper - INFO - Starting to scrape tweets (max: 5000)
2025-09-18 16:01:11,229 - twitter_scraper - INFO - No new tweets found after several scrolls, stopping
2025-09-18 16:01:11,230 - twitter_scraper - INFO - Scraping completed. Total tweets scraped: 0
2025-09-18 16:01:11,231 - twitter_scraper - WARNING - No tweets were scraped
2025-09-18 16:01:11,312 - twitter_scraper - INFO - Browser cleanup completed
2025-09-18 16:01:11,314 - twitter_scraper - INFO - Disconnected from EdgeDB database
2025-09-18 16:01:11,315 - twitter_scraper - INFO - 🧹 Cleanup completed
2025-09-18 16:02:48,751 - twitter_scraper - INFO - 🐦 Twitter Scraper Linux Application
2025-09-18 16:02:48,756 - twitter_scraper - INFO - Target: @prismcollect_
2025-09-18 16:02:48,757 - twitter_scraper - INFO - Database: EdgeDB
2025-09-18 16:02:48,758 - twitter_scraper - INFO - 🚀 Starting Twitter scraping session for @prismcollect_
2025-09-18 16:02:48,759 - twitter_scraper - INFO - Using EdgeDB Database
2025-09-18 16:02:48,761 - twitter_scraper - INFO - Connecting to EdgeDB database...
2025-09-18 16:02:48,798 - twitter_scraper - INFO - Successfully connected to EdgeDB database
2025-09-18 16:02:48,807 - twitter_scraper - INFO - Created scraping session: session_1758204168_2430ed79
2025-09-18 16:02:48,808 - twitter_scraper - INFO - Created scraping session: session_1758204168_2430ed79
2025-09-18 16:02:48,810 - twitter_scraper - INFO - Initializing Twitter scraper...
2025-09-18 16:02:49,593 - twitter_scraper - INFO - Browser initialized successfully with persistent context
2025-09-18 16:02:49,596 - twitter_scraper - INFO - Navigating to profile: https://x.com/prismcollect_
2025-09-18 16:02:53,854 - twitter_scraper - INFO - Successfully navigated to profile page
2025-09-18 16:02:53,855 - twitter_scraper - INFO - Extracting user profile information
2025-09-18 16:02:55,865 - twitter_scraper - INFO - User profile extracted: @prismcollect_ (Prismatic Collections)
2025-09-18 16:02:55,873 - twitter_scraper - INFO - Saved user profile: @prismcollect_
2025-09-18 16:02:55,874 - twitter_scraper - INFO - Starting tweet scraping...
2025-09-18 16:02:55,875 - twitter_scraper - INFO - Starting to scrape tweets (max: 5000)
2025-09-18 16:03:00,882 - twitter_scraper - INFO - Page loaded - URL: https://x.com/prismcollect_, Title: Prismatic Collections (@prismcollect_) / X
2025-09-18 16:03:00,923 - twitter_scraper - ERROR - Failed to extract tweets from page: Page.evaluate: TypeError: document.querySelectorAll(...).map is not a function
    at eval (eval at evaluate (:226:30), <anonymous>:14:96)
    at UtilityScript.evaluate (<anonymous>:233:19)
    at UtilityScript.<anonymous> (<anonymous>:1:44)
2025-09-18 16:03:03,267 - twitter_scraper - ERROR - Failed to extract tweets from page: Page.evaluate: TypeError: document.querySelectorAll(...).map is not a function
    at eval (eval at evaluate (:226:30), <anonymous>:14:96)
    at UtilityScript.evaluate (<anonymous>:233:19)
    at UtilityScript.<anonymous> (<anonymous>:1:44)
2025-09-18 16:03:06,308 - twitter_scraper - ERROR - Failed to extract tweets from page: Page.evaluate: TypeError: document.querySelectorAll(...).map is not a function
    at eval (eval at evaluate (:226:30), <anonymous>:14:96)
    at UtilityScript.evaluate (<anonymous>:233:19)
    at UtilityScript.<anonymous> (<anonymous>:1:44)
2025-09-18 16:03:09,944 - twitter_scraper - ERROR - Failed to extract tweets from page: Page.evaluate: TypeError: document.querySelectorAll(...).map is not a function
    at eval (eval at evaluate (:226:30), <anonymous>:14:96)
    at UtilityScript.evaluate (<anonymous>:233:19)
    at UtilityScript.<anonymous> (<anonymous>:1:44)
2025-09-18 16:03:13,601 - twitter_scraper - ERROR - Failed to extract tweets from page: Page.evaluate: TypeError: document.querySelectorAll(...).map is not a function
    at eval (eval at evaluate (:226:30), <anonymous>:14:96)
    at UtilityScript.evaluate (<anonymous>:233:19)
    at UtilityScript.<anonymous> (<anonymous>:1:44)
2025-09-18 16:03:13,603 - twitter_scraper - INFO - No new tweets found after several scrolls, stopping
2025-09-18 16:03:13,603 - twitter_scraper - INFO - Scraping completed. Total tweets scraped: 0
2025-09-18 16:03:13,604 - twitter_scraper - WARNING - No tweets were scraped
2025-09-18 16:03:13,724 - twitter_scraper - INFO - Browser cleanup completed
2025-09-18 16:03:13,726 - twitter_scraper - INFO - Disconnected from EdgeDB database
2025-09-18 16:03:13,728 - twitter_scraper - INFO - 🧹 Cleanup completed
2025-09-18 16:03:34,786 - twitter_scraper - INFO - 🐦 Twitter Scraper Linux Application
2025-09-18 16:03:34,790 - twitter_scraper - INFO - Target: @prismcollect_
2025-09-18 16:03:34,791 - twitter_scraper - INFO - Database: EdgeDB
2025-09-18 16:03:34,791 - twitter_scraper - INFO - 🚀 Starting Twitter scraping session for @prismcollect_
2025-09-18 16:03:34,792 - twitter_scraper - INFO - Using EdgeDB Database
2025-09-18 16:03:34,793 - twitter_scraper - INFO - Connecting to EdgeDB database...
2025-09-18 16:03:34,815 - twitter_scraper - INFO - Successfully connected to EdgeDB database
2025-09-18 16:03:34,820 - twitter_scraper - INFO - Created scraping session: session_1758204214_1b94aa2a
2025-09-18 16:03:34,821 - twitter_scraper - INFO - Created scraping session: session_1758204214_1b94aa2a
2025-09-18 16:03:34,822 - twitter_scraper - INFO - Initializing Twitter scraper...
2025-09-18 16:03:35,349 - twitter_scraper - INFO - Browser initialized successfully with persistent context
2025-09-18 16:03:35,350 - twitter_scraper - INFO - Navigating to profile: https://x.com/prismcollect_
2025-09-18 16:03:41,853 - twitter_scraper - INFO - Successfully navigated to profile page
2025-09-18 16:03:41,855 - twitter_scraper - INFO - Extracting user profile information
2025-09-18 16:03:43,866 - twitter_scraper - INFO - User profile extracted: @prismcollect_ (Prismatic Collections)
2025-09-18 16:03:43,872 - twitter_scraper - INFO - Saved user profile: @prismcollect_
2025-09-18 16:03:43,873 - twitter_scraper - INFO - Starting tweet scraping...
2025-09-18 16:03:43,874 - twitter_scraper - INFO - Starting to scrape tweets (max: 5000)
2025-09-18 16:03:48,883 - twitter_scraper - INFO - Page loaded - URL: https://x.com/prismcollect_, Title: Prismatic Collections (@prismcollect_) / X
2025-09-18 16:03:56,993 - twitter_scraper - INFO - Scraped 3 new tweets. Total: 3
2025-09-18 16:04:17,824 - twitter_scraper - INFO - No new tweets found after several scrolls, stopping
2025-09-18 16:04:17,825 - twitter_scraper - INFO - Scraping completed. Total tweets scraped: 3
2025-09-18 16:04:17,828 - twitter_scraper - ERROR - Failed to save tweet 1967945184521621704: invalid input for query argument $scraped_at: datetime.datetime(2025, 9, 18, 16, 3, 56... (a timezone-aware datetime object (tzinfo is not None) was expected)
2025-09-18 16:04:17,829 - twitter_scraper - WARNING - Failed to save tweet: 1967945184521621704
2025-09-18 16:04:17,830 - twitter_scraper - ERROR - Failed to save tweet 1652971079449686016: invalid input for query argument $scraped_at: datetime.datetime(2025, 9, 18, 16, 3, 56... (a timezone-aware datetime object (tzinfo is not None) was expected)
2025-09-18 16:04:17,831 - twitter_scraper - WARNING - Failed to save tweet: 1652971079449686016
2025-09-18 16:04:17,832 - twitter_scraper - ERROR - Failed to save tweet 1869084151204413623: invalid input for query argument $scraped_at: datetime.datetime(2025, 9, 18, 16, 3, 56... (a timezone-aware datetime object (tzinfo is not None) was expected)
2025-09-18 16:04:17,833 - twitter_scraper - WARNING - Failed to save tweet: 1869084151204413623
2025-09-18 16:04:17,874 - twitter_scraper - INFO - ✅ Scraping completed successfully!
2025-09-18 16:04:17,875 - twitter_scraper - INFO - 📊 Stats: 3 tweets scraped, 0 saved
2025-09-18 16:04:17,980 - twitter_scraper - INFO - Browser cleanup completed
2025-09-18 16:04:17,982 - twitter_scraper - INFO - Disconnected from EdgeDB database
2025-09-18 16:04:17,983 - twitter_scraper - INFO - 🧹 Cleanup completed
2025-09-18 16:04:48,823 - twitter_scraper - INFO - 🐦 Twitter Scraper Linux Application
2025-09-18 16:04:48,828 - twitter_scraper - INFO - Target: @prismcollect_
2025-09-18 16:04:48,831 - twitter_scraper - INFO - Database: EdgeDB
2025-09-18 16:04:48,832 - twitter_scraper - INFO - 🚀 Starting Twitter scraping session for @prismcollect_
2025-09-18 16:04:48,834 - twitter_scraper - INFO - Using EdgeDB Database
2025-09-18 16:04:48,836 - twitter_scraper - INFO - Connecting to EdgeDB database...
2025-09-18 16:04:48,869 - twitter_scraper - INFO - Successfully connected to EdgeDB database
2025-09-18 16:04:48,877 - twitter_scraper - INFO - Created scraping session: session_1758204288_e3c6fd80
2025-09-18 16:04:48,879 - twitter_scraper - INFO - Created scraping session: session_1758204288_e3c6fd80
2025-09-18 16:04:48,880 - twitter_scraper - INFO - Initializing Twitter scraper...
2025-09-18 16:04:49,713 - twitter_scraper - INFO - Browser initialized successfully with persistent context
2025-09-18 16:04:49,715 - twitter_scraper - INFO - Navigating to profile: https://x.com/prismcollect_
2025-09-18 16:04:53,934 - twitter_scraper - INFO - Successfully navigated to profile page
2025-09-18 16:04:53,935 - twitter_scraper - INFO - Extracting user profile information
2025-09-18 16:04:55,946 - twitter_scraper - INFO - User profile extracted: @prismcollect_ (Prismatic Collections)
2025-09-18 16:04:55,954 - twitter_scraper - INFO - Saved user profile: @prismcollect_
2025-09-18 16:04:55,955 - twitter_scraper - INFO - Starting tweet scraping...
2025-09-18 16:04:55,956 - twitter_scraper - INFO - Starting to scrape tweets (max: 5000)
2025-09-18 16:05:00,964 - twitter_scraper - INFO - Page loaded - URL: https://x.com/prismcollect_, Title: Prismatic Collections (@prismcollect_) / X
2025-09-18 16:05:18,602 - twitter_scraper - INFO - Scraped 7 new tweets. Total: 7
2025-09-18 16:05:33,393 - twitter_scraper - INFO - No new tweets found after several scrolls, stopping
2025-09-18 16:05:33,394 - twitter_scraper - INFO - Scraping completed. Total tweets scraped: 7
2025-09-18 16:05:33,440 - twitter_scraper - INFO - ✅ Scraping completed successfully!
2025-09-18 16:05:33,441 - twitter_scraper - INFO - 📊 Stats: 7 tweets scraped, 7 saved
2025-09-18 16:05:33,519 - twitter_scraper - INFO - Browser cleanup completed
2025-09-18 16:05:33,522 - twitter_scraper - INFO - Disconnected from EdgeDB database
2025-09-18 16:05:33,523 - twitter_scraper - INFO - 🧹 Cleanup completed
2025-09-18 16:06:31,430 - twitter_scraper - INFO - 🐦 Twitter Scraper Linux Application
2025-09-18 16:06:31,433 - twitter_scraper - INFO - Target: @prismcollect_
2025-09-18 16:06:31,434 - twitter_scraper - INFO - Database: EdgeDB
2025-09-18 16:06:31,434 - twitter_scraper - INFO - 🚀 Starting Twitter scraping session for @prismcollect_
2025-09-18 16:06:31,435 - twitter_scraper - INFO - Using EdgeDB Database
2025-09-18 16:06:31,436 - twitter_scraper - INFO - Connecting to EdgeDB database...
2025-09-18 16:06:31,528 - twitter_scraper - INFO - Successfully connected to EdgeDB database
2025-09-18 16:06:31,534 - twitter_scraper - INFO - Created scraping session: session_1758204391_f43d505c
2025-09-18 16:06:31,535 - twitter_scraper - INFO - Created scraping session: session_1758204391_f43d505c
2025-09-18 16:06:31,536 - twitter_scraper - INFO - Initializing Twitter scraper...
2025-09-18 16:06:31,892 - twitter_scraper - INFO - Browser initialized successfully with persistent context
2025-09-18 16:06:31,893 - twitter_scraper - INFO - Navigating to profile: https://x.com/prismcollect_
2025-09-18 16:06:37,794 - twitter_scraper - INFO - Successfully navigated to profile page
2025-09-18 16:06:37,795 - twitter_scraper - INFO - Extracting user profile information
2025-09-18 16:06:39,804 - twitter_scraper - INFO - User profile extracted: @prismcollect_ (Prismatic Collections)
2025-09-18 16:06:39,810 - twitter_scraper - INFO - Saved user profile: @prismcollect_
2025-09-18 16:06:39,811 - twitter_scraper - INFO - Starting tweet scraping...
2025-09-18 16:06:39,812 - twitter_scraper - INFO - Starting to scrape tweets (max: 5000)
2025-09-18 16:06:44,819 - twitter_scraper - INFO - Page loaded - URL: https://x.com/prismcollect_, Title: Prismatic Collections (@prismcollect_) / X
2025-09-18 16:07:08,082 - twitter_scraper - INFO - No new tweets found after several scrolls, stopping
2025-09-18 16:07:08,084 - twitter_scraper - INFO - Scraping completed. Total tweets scraped: 0
2025-09-18 16:07:08,084 - twitter_scraper - WARNING - No tweets were scraped
2025-09-18 16:07:08,138 - twitter_scraper - INFO - Browser cleanup completed
2025-09-18 16:07:08,141 - twitter_scraper - INFO - Disconnected from EdgeDB database
2025-09-18 16:07:08,142 - twitter_scraper - INFO - 🧹 Cleanup completed
2025-09-18 17:34:04,933 - twitter_scraper - INFO - 🎯 Running scraping immediately (one-time)
2025-09-18 17:34:04,938 - twitter_scraper - INFO - 🚀 Starting Twitter scraping session for @prismcollect_
2025-09-18 17:34:04,939 - twitter_scraper - INFO - Using EdgeDB Database
2025-09-18 17:34:04,941 - twitter_scraper - INFO - Connecting to EdgeDB database...
2025-09-18 17:34:05,039 - twitter_scraper - INFO - Successfully connected to EdgeDB database
2025-09-18 17:34:05,050 - twitter_scraper - INFO - Created scraping session: session_1758209645_e4311e19
2025-09-18 17:34:05,051 - twitter_scraper - INFO - Created scraping session: session_1758209645_e4311e19
2025-09-18 17:34:05,052 - twitter_scraper - INFO - Initializing Twitter scraper...
2025-09-18 17:34:07,075 - twitter_scraper - INFO - Browser initialized successfully with persistent context
2025-09-18 17:34:07,076 - twitter_scraper - INFO - Navigating to profile: https://x.com/prismcollect_
2025-09-18 17:34:11,082 - twitter_scraper - INFO - Successfully navigated to profile page
2025-09-18 17:34:11,083 - twitter_scraper - INFO - Extracting user profile information
2025-09-18 17:34:13,093 - twitter_scraper - INFO - User profile extracted: @prismcollect_ (Prismatic Collections)
2025-09-18 17:34:13,125 - twitter_scraper - INFO - Saved user profile: @prismcollect_
2025-09-18 17:34:13,126 - twitter_scraper - INFO - Starting tweet scraping...
2025-09-18 17:34:13,127 - twitter_scraper - INFO - Starting to scrape tweets (max: 5000)
2025-09-18 17:34:18,135 - twitter_scraper - INFO - Page loaded - URL: https://x.com/prismcollect_, Title: Prismatic Collections (@prismcollect_) / X
2025-09-18 17:34:36,901 - twitter_scraper - INFO - No new tweets found after several scrolls, stopping
2025-09-18 17:34:36,902 - twitter_scraper - INFO - Scraping completed. Total tweets scraped: 0
2025-09-18 17:34:36,903 - twitter_scraper - WARNING - No tweets were scraped
2025-09-18 17:34:37,021 - twitter_scraper - INFO - Browser cleanup completed
2025-09-18 17:34:37,024 - twitter_scraper - INFO - Disconnected from EdgeDB database
2025-09-18 17:34:37,025 - twitter_scraper - INFO - 🧹 Cleanup completed
2025-09-18 17:37:12,844 - twitter_scraper - INFO - 🎯 Running scraping immediately (one-time)
2025-09-18 17:37:12,847 - twitter_scraper - INFO - 🚀 Starting Twitter scraping session for @prismcollect_
2025-09-18 17:37:12,848 - twitter_scraper - INFO - Using EdgeDB Database
2025-09-18 17:37:12,849 - twitter_scraper - INFO - Connecting to EdgeDB database...
2025-09-18 17:37:12,909 - twitter_scraper - INFO - Successfully connected to EdgeDB database
2025-09-18 17:37:12,917 - twitter_scraper - INFO - Created scraping session: session_1758209832_5315ba11
2025-09-18 17:37:12,919 - twitter_scraper - INFO - Created scraping session: session_1758209832_5315ba11
2025-09-18 17:37:12,919 - twitter_scraper - INFO - Initializing Twitter scraper...
2025-09-18 17:37:14,993 - twitter_scraper - INFO - Browser initialized successfully with persistent context
2025-09-18 17:37:14,994 - twitter_scraper - INFO - Navigating to profile: https://x.com/prismcollect_
2025-09-18 17:37:18,630 - twitter_scraper - INFO - Successfully navigated to profile page
2025-09-18 17:37:18,631 - twitter_scraper - INFO - Extracting user profile information
2025-09-18 17:37:20,643 - twitter_scraper - INFO - User profile extracted: @prismcollect_ (Prismatic Collections)
2025-09-18 17:37:20,654 - twitter_scraper - INFO - Saved user profile: @prismcollect_
2025-09-18 17:37:20,656 - twitter_scraper - INFO - Starting tweet scraping...
2025-09-18 17:37:20,657 - twitter_scraper - INFO - Starting to scrape tweets (max: 5000)
2025-09-18 17:37:25,664 - twitter_scraper - INFO - Page loaded - URL: https://x.com/prismcollect_, Title: Prismatic Collections (@prismcollect_) / X
2025-09-18 17:37:51,323 - twitter_scraper - INFO - No new tweets found after several scrolls, stopping
2025-09-18 17:37:51,324 - twitter_scraper - INFO - Scraping completed. Total tweets scraped: 0
2025-09-18 17:37:51,326 - twitter_scraper - WARNING - No tweets were scraped
2025-09-18 17:37:51,571 - twitter_scraper - INFO - Browser cleanup completed
2025-09-18 17:37:51,573 - twitter_scraper - INFO - Disconnected from EdgeDB database
2025-09-18 17:37:51,574 - twitter_scraper - INFO - 🧹 Cleanup completed
2025-09-18 17:38:10,996 - twitter_scraper - INFO - 🎯 Running scraping immediately (one-time)
2025-09-18 17:38:10,999 - twitter_scraper - INFO - 🚀 Starting Twitter scraping session for @prismcollect_
2025-09-18 17:38:10,999 - twitter_scraper - INFO - Using EdgeDB Database
2025-09-18 17:38:11,000 - twitter_scraper - INFO - Connecting to EdgeDB database...
2025-09-18 17:38:11,020 - twitter_scraper - INFO - Successfully connected to EdgeDB database
2025-09-18 17:38:11,029 - twitter_scraper - INFO - Created scraping session: session_1758209891_0cafea16
2025-09-18 17:38:11,030 - twitter_scraper - INFO - Created scraping session: session_1758209891_0cafea16
2025-09-18 17:38:11,030 - twitter_scraper - INFO - Initializing Twitter scraper...
2025-09-18 17:38:11,674 - twitter_scraper - INFO - Browser initialized successfully with persistent context
2025-09-18 17:38:11,676 - twitter_scraper - INFO - Navigating to profile: https://x.com/prismcollect_
2025-09-18 17:38:19,141 - twitter_scraper - INFO - Successfully navigated to profile page
2025-09-18 17:38:19,142 - twitter_scraper - INFO - Extracting user profile information
2025-09-18 17:38:21,159 - twitter_scraper - INFO - User profile extracted: @prismcollect_ (Prismatic Collections)
2025-09-18 17:38:21,166 - twitter_scraper - INFO - Saved user profile: @prismcollect_
2025-09-18 17:38:21,167 - twitter_scraper - INFO - Starting tweet scraping...
2025-09-18 17:38:21,168 - twitter_scraper - INFO - Starting to scrape tweets (max: 5000)
2025-09-18 17:38:26,179 - twitter_scraper - INFO - Page loaded - URL: https://x.com/i/flow/login, Title: Log in to X / X
2025-09-18 17:38:26,181 - twitter_scraper - ERROR - Page requires authentication - cannot scrape without login
2025-09-18 17:38:26,183 - twitter_scraper - WARNING - No tweets were scraped
2025-09-18 17:38:26,342 - twitter_scraper - INFO - Browser cleanup completed
2025-09-18 17:38:26,346 - twitter_scraper - INFO - Disconnected from EdgeDB database
2025-09-18 17:38:26,347 - twitter_scraper - INFO - 🧹 Cleanup completed
2025-09-18 17:54:18,615 - twitter_scraper - INFO - 🎯 Running scraping immediately (one-time)
2025-09-18 17:54:18,618 - twitter_scraper - INFO - 🚀 Starting Twitter scraping session for @prismcollect_
2025-09-18 17:54:18,619 - twitter_scraper - INFO - Using EdgeDB Database
2025-09-18 17:54:18,621 - twitter_scraper - INFO - Connecting to EdgeDB database...
2025-09-18 17:54:22,818 - twitter_scraper - INFO - Successfully connected to EdgeDB database
2025-09-18 17:54:22,825 - twitter_scraper - INFO - Created scraping session: session_1758210862_f255b25c
2025-09-18 17:54:22,827 - twitter_scraper - INFO - Created scraping session: session_1758210862_f255b25c
2025-09-18 17:54:22,828 - twitter_scraper - INFO - Initializing Twitter scraper...
2025-09-18 17:54:23,763 - twitter_scraper - INFO - Browser initialized successfully with persistent context
2025-09-18 17:54:23,766 - twitter_scraper - INFO - Navigating to profile: https://x.com/prismcollect_
2025-09-18 17:54:31,029 - twitter_scraper - INFO - Successfully navigated to profile page
2025-09-18 17:54:31,030 - twitter_scraper - INFO - Extracting user profile information
2025-09-18 17:54:33,041 - twitter_scraper - INFO - User profile extracted: @prismcollect_ ()
2025-09-18 17:54:33,049 - twitter_scraper - INFO - Saved user profile: @prismcollect_
2025-09-18 17:54:33,050 - twitter_scraper - INFO - Starting tweet scraping...
2025-09-18 17:54:33,050 - twitter_scraper - INFO - Starting to scrape tweets (max: 5000)
2025-09-18 17:54:38,059 - twitter_scraper - INFO - Page loaded - URL: https://x.com/i/flow/login, Title: Log in to X / X
2025-09-18 17:54:38,060 - twitter_scraper - ERROR - Page requires authentication - cannot scrape without login
2025-09-18 17:54:38,061 - twitter_scraper - WARNING - No tweets were scraped
2025-09-18 17:54:38,218 - twitter_scraper - INFO - Browser cleanup completed
2025-09-18 17:54:38,223 - twitter_scraper - INFO - Disconnected from EdgeDB database
2025-09-18 17:54:38,224 - twitter_scraper - INFO - 🧹 Cleanup completed
2025-09-18 17:56:01,609 - twitter_scraper - INFO - 🎯 Running scraping immediately (one-time)
2025-09-18 17:56:01,612 - twitter_scraper - INFO - 🚀 Starting Twitter scraping session for @prismcollect_
2025-09-18 17:56:01,612 - twitter_scraper - INFO - Using EdgeDB Database
2025-09-18 17:56:01,613 - twitter_scraper - INFO - Connecting to EdgeDB database...
2025-09-18 17:56:01,639 - twitter_scraper - INFO - Successfully connected to EdgeDB database
2025-09-18 17:56:01,644 - twitter_scraper - INFO - Created scraping session: session_1758210961_83afbdf9
2025-09-18 17:56:01,645 - twitter_scraper - INFO - Created scraping session: session_1758210961_83afbdf9
2025-09-18 17:56:01,646 - twitter_scraper - INFO - Initializing Twitter scraper...
2025-09-18 17:56:02,236 - twitter_scraper - INFO - Browser initialized successfully with persistent context
2025-09-18 17:56:02,238 - twitter_scraper - INFO - Waiting 1 minute for browser and page stabilization...
2025-09-18 17:57:02,245 - twitter_scraper - INFO - Browser stabilization wait completed
2025-09-18 17:57:02,247 - twitter_scraper - INFO - Navigating to profile: https://x.com/prismcollect_
2025-09-18 17:57:03,417 - twitter_scraper - WARNING - Navigation attempt 1 failed: Page.wait_for_timeout: Target page, context or browser has been closed
2025-09-18 17:57:03,422 - twitter_scraper - ERROR - Failed to navigate to profile: Page.wait_for_timeout: Target page, context or browser has been closed
2025-09-18 17:57:03,424 - twitter_scraper - ERROR - Failed to navigate to profile
2025-09-18 17:57:03,553 - twitter_scraper - ERROR - Error during cleanup: BrowserContext.close: Target page, context or browser has been closed
2025-09-18 17:57:03,561 - twitter_scraper - INFO - Disconnected from EdgeDB database
2025-09-18 17:57:03,562 - twitter_scraper - INFO - 🧹 Cleanup completed
2025-09-18 17:57:22,419 - twitter_scraper - INFO - 🎯 Running scraping immediately (one-time)
2025-09-18 17:57:22,421 - twitter_scraper - INFO - 🚀 Starting Twitter scraping session for @prismcollect_
2025-09-18 17:57:22,423 - twitter_scraper - INFO - Using EdgeDB Database
2025-09-18 17:57:22,423 - twitter_scraper - INFO - Connecting to EdgeDB database...
2025-09-18 17:57:22,446 - twitter_scraper - INFO - Successfully connected to EdgeDB database
2025-09-18 17:57:22,451 - twitter_scraper - INFO - Created scraping session: session_1758211042_974418f1
2025-09-18 17:57:22,451 - twitter_scraper - INFO - Created scraping session: session_1758211042_974418f1
2025-09-18 17:57:22,452 - twitter_scraper - INFO - Initializing Twitter scraper...
2025-09-18 17:57:23,008 - twitter_scraper - INFO - Browser initialized successfully with persistent context
2025-09-18 17:57:23,010 - twitter_scraper - INFO - Waiting 1 minute for browser and page stabilization...
2025-09-18 17:58:23,016 - twitter_scraper - INFO - Browser stabilization wait completed
2025-09-18 17:58:23,017 - twitter_scraper - INFO - Navigating to profile: https://x.com/prismcollect_
2025-09-18 17:58:27,012 - twitter_scraper - WARNING - Redirected to login page, may need authentication
2025-09-18 17:58:27,013 - twitter_scraper - ERROR - Failed to navigate to profile
2025-09-18 17:58:27,169 - twitter_scraper - INFO - Browser cleanup completed
2025-09-18 17:58:27,171 - twitter_scraper - INFO - Disconnected from EdgeDB database
2025-09-18 17:58:27,173 - twitter_scraper - INFO - 🧹 Cleanup completed
2025-09-18 17:58:34,223 - twitter_scraper - INFO - 🎯 Running scraping immediately (one-time)
2025-09-18 17:58:34,226 - twitter_scraper - INFO - 🚀 Starting Twitter scraping session for @prismcollect_
2025-09-18 17:58:34,227 - twitter_scraper - INFO - Using EdgeDB Database
2025-09-18 17:58:34,228 - twitter_scraper - INFO - Connecting to EdgeDB database...
2025-09-18 17:58:34,251 - twitter_scraper - INFO - Successfully connected to EdgeDB database
2025-09-18 17:58:34,256 - twitter_scraper - INFO - Created scraping session: session_1758211114_8d5ad29a
2025-09-18 17:58:34,257 - twitter_scraper - INFO - Created scraping session: session_1758211114_8d5ad29a
2025-09-18 17:58:34,258 - twitter_scraper - INFO - Initializing Twitter scraper...
2025-09-18 17:58:34,860 - twitter_scraper - INFO - Browser initialized successfully with persistent context
2025-09-18 17:58:34,861 - twitter_scraper - INFO - Waiting 1 minute for browser and page stabilization...
2025-09-18 17:59:34,869 - twitter_scraper - INFO - Browser stabilization wait completed
2025-09-18 17:59:34,870 - twitter_scraper - INFO - Navigating to profile: https://x.com/prismcollect_
2025-09-18 17:59:47,280 - twitter_scraper - INFO - Successfully navigated to profile page
2025-09-18 17:59:47,282 - twitter_scraper - INFO - Extracting user profile information
2025-09-18 17:59:49,294 - twitter_scraper - INFO - User profile extracted: @prismcollect_ (Prismatic Collections)
2025-09-18 17:59:49,302 - twitter_scraper - INFO - Saved user profile: @prismcollect_
2025-09-18 17:59:49,303 - twitter_scraper - INFO - Starting tweet scraping...
2025-09-18 17:59:49,304 - twitter_scraper - INFO - Starting to scrape tweets (max: 5000)
2025-09-18 17:59:49,304 - twitter_scraper - INFO - Waiting for tweet timeline to fully load...
2025-09-18 17:59:59,312 - twitter_scraper - INFO - Page loaded - URL: https://x.com/prismcollect_, Title: (2) Prismatic Collections (@prismcollect_) / X
2025-09-18 17:59:59,360 - twitter_scraper - INFO - Scraped 5 new tweets. Total: 5
2025-09-18 17:59:59,361 - twitter_scraper - INFO - Waiting 204.7 seconds before next scrape batch...
2025-09-18 18:03:28,042 - twitter_scraper - INFO - Scraped 4 new tweets. Total: 9
2025-09-18 18:03:28,043 - twitter_scraper - INFO - Waiting 216.6 seconds before next scrape batch...
2025-09-18 18:07:10,109 - twitter_scraper - INFO - Scraped 3 new tweets. Total: 12
2025-09-18 18:07:10,110 - twitter_scraper - INFO - Waiting 215.8 seconds before next scrape batch...
2025-09-18 18:10:50,893 - twitter_scraper - INFO - Scraped 1 new tweets. Total: 13
2025-09-18 18:10:50,894 - twitter_scraper - INFO - Waiting 216.5 seconds before next scrape batch...
2025-09-18 18:14:30,424 - twitter_scraper - INFO - Scraped 2 new tweets. Total: 15
2025-09-18 18:14:30,426 - twitter_scraper - INFO - Waiting 204.0 seconds before next scrape batch...
2025-09-18 18:17:59,661 - twitter_scraper - INFO - Scraped 3 new tweets. Total: 18
2025-09-18 18:17:59,662 - twitter_scraper - INFO - Waiting 224.5 seconds before next scrape batch...
2025-09-18 18:21:53,437 - twitter_scraper - INFO - Scraped 1 new tweets. Total: 19
2025-09-18 18:21:53,438 - twitter_scraper - INFO - Waiting 205.2 seconds before next scrape batch...
2025-09-18 18:25:26,583 - twitter_scraper - INFO - Scraped 3 new tweets. Total: 22
2025-09-18 18:25:26,584 - twitter_scraper - INFO - Waiting 206.1 seconds before next scrape batch...
2025-09-18 18:28:55,018 - twitter_scraper - INFO - Scraped 1 new tweets. Total: 23
2025-09-18 18:28:55,019 - twitter_scraper - INFO - Waiting 223.5 seconds before next scrape batch...
2025-09-18 18:32:41,415 - twitter_scraper - INFO - Scraped 1 new tweets. Total: 24
2025-09-18 18:32:41,417 - twitter_scraper - INFO - Waiting 219.8 seconds before next scrape batch...
2025-09-18 18:36:24,055 - twitter_scraper - INFO - Scraped 1 new tweets. Total: 25
2025-09-18 18:36:24,057 - twitter_scraper - INFO - Waiting 208.5 seconds before next scrape batch...
2025-09-18 18:39:56,506 - twitter_scraper - INFO - Scraped 1 new tweets. Total: 26
2025-09-18 18:39:56,509 - twitter_scraper - INFO - Waiting 223.4 seconds before next scrape batch...
2025-09-18 18:43:44,909 - twitter_scraper - INFO - Scraped 4 new tweets. Total: 30
2025-09-18 18:43:44,911 - twitter_scraper - INFO - Waiting 227.9 seconds before next scrape batch...
2025-09-18 18:47:37,653 - twitter_scraper - INFO - Scraped 1 new tweets. Total: 31
2025-09-18 18:47:37,655 - twitter_scraper - INFO - Waiting 218.2 seconds before next scrape batch...
2025-09-18 18:51:18,793 - twitter_scraper - INFO - Scraped 1 new tweets. Total: 32
2025-09-18 18:51:18,794 - twitter_scraper - INFO - Waiting 220.9 seconds before next scrape batch...
2025-09-18 18:55:02,945 - twitter_scraper - INFO - Scraped 1 new tweets. Total: 33
2025-09-18 18:55:02,946 - twitter_scraper - INFO - Waiting 231.0 seconds before next scrape batch...
2025-09-18 18:58:56,604 - twitter_scraper - INFO - Scraped 2 new tweets. Total: 35
2025-09-18 18:58:56,606 - twitter_scraper - INFO - Waiting 214.3 seconds before next scrape batch...
2025-09-18 19:02:39,523 - twitter_scraper - INFO - Scraped 3 new tweets. Total: 38
2025-09-18 19:02:39,525 - twitter_scraper - INFO - Waiting 200.9 seconds before next scrape batch...
2025-09-18 19:06:06,165 - twitter_scraper - INFO - Scraped 1 new tweets. Total: 39
2025-09-18 19:06:06,167 - twitter_scraper - INFO - Waiting 217.4 seconds before next scrape batch...
2025-09-18 19:09:46,983 - twitter_scraper - INFO - Scraped 1 new tweets. Total: 40
2025-09-18 19:09:46,984 - twitter_scraper - INFO - Waiting 220.5 seconds before next scrape batch...
2025-09-18 19:13:31,401 - twitter_scraper - INFO - Scraped 3 new tweets. Total: 43
2025-09-18 19:13:31,403 - twitter_scraper - INFO - Waiting 222.3 seconds before next scrape batch...
2025-09-18 19:17:16,228 - twitter_scraper - INFO - Scraped 1 new tweets. Total: 44
2025-09-18 19:17:16,229 - twitter_scraper - INFO - Waiting 201.2 seconds before next scrape batch...
2025-09-18 19:20:43,474 - twitter_scraper - INFO - Scraped 2 new tweets. Total: 46
2025-09-18 19:20:43,475 - twitter_scraper - INFO - Waiting 216.1 seconds before next scrape batch...
2025-09-18 19:24:25,234 - twitter_scraper - INFO - Scraped 1 new tweets. Total: 47
2025-09-18 19:24:25,235 - twitter_scraper - INFO - Waiting 215.9 seconds before next scrape batch...
2025-09-18 19:28:04,903 - twitter_scraper - INFO - Scraped 1 new tweets. Total: 48
2025-09-18 19:28:04,904 - twitter_scraper - INFO - Waiting 213.5 seconds before next scrape batch...
2025-09-18 19:31:40,991 - twitter_scraper - INFO - Scraped 3 new tweets. Total: 51
2025-09-18 19:31:40,992 - twitter_scraper - INFO - Waiting 202.0 seconds before next scrape batch...
2025-09-18 19:35:28,918 - twitter_scraper - INFO - No new tweets found after several scrolls, stopping
2025-09-18 19:35:28,919 - twitter_scraper - INFO - Scraping completed. Total tweets scraped: 51
2025-09-18 19:35:29,427 - twitter_scraper - INFO - ✅ Scraping completed successfully!
2025-09-18 19:35:29,429 - twitter_scraper - INFO - 📊 Stats: 51 tweets scraped, 51 saved
2025-09-18 19:35:29,743 - twitter_scraper - INFO - Browser cleanup completed
2025-09-18 19:35:29,752 - twitter_scraper - INFO - Disconnected from EdgeDB database
2025-09-18 19:35:29,753 - twitter_scraper - INFO - 🧹 Cleanup completed
2025-09-18 20:48:26,465 - twitter_scraper - INFO - Connecting to EdgeDB database...
2025-09-18 20:48:26,560 - twitter_scraper - INFO - Successfully connected to EdgeDB database
2025-09-18 20:48:26,657 - twitter_scraper - INFO - Disconnected from EdgeDB database
2025-09-18 20:51:48,914 - twitter_scraper - INFO - 🐦 Twitter Profile Picture Scraper
2025-09-18 20:51:48,918 - twitter_scraper - INFO - Mode: single
2025-09-18 20:51:48,919 - twitter_scraper - INFO - Database: EdgeDB
2025-09-18 20:51:48,920 - twitter_scraper - INFO - 🔬 Testing single user: @prismcollect_
2025-09-18 20:51:48,921 - twitter_scraper - INFO - Connecting to EdgeDB database...
2025-09-18 20:51:48,953 - twitter_scraper - INFO - Successfully connected to EdgeDB database
2025-09-18 20:51:48,955 - twitter_scraper - ERROR - Failed to initialize profile picture scraper: keepalive_timeout cannot be set if force_close is True
2025-09-18 20:51:48,956 - twitter_scraper - ERROR - ❌ Single user test failed: keepalive_timeout cannot be set if force_close is True
2025-09-18 20:51:48,958 - twitter_scraper - INFO - Profile picture scraper cleanup completed
2025-09-18 20:51:48,960 - twitter_scraper - INFO - Disconnected from EdgeDB database
2025-09-18 20:51:48,961 - twitter_scraper - ERROR - ❌ Script execution failed: keepalive_timeout cannot be set if force_close is True
2025-09-18 20:52:03,819 - twitter_scraper - INFO - 🐦 Twitter Profile Picture Scraper
2025-09-18 20:52:03,822 - twitter_scraper - INFO - Mode: single
2025-09-18 20:52:03,823 - twitter_scraper - INFO - Database: EdgeDB
2025-09-18 20:52:03,824 - twitter_scraper - INFO - 🔬 Testing single user: @prismcollect_
2025-09-18 20:52:03,826 - twitter_scraper - INFO - Connecting to EdgeDB database...
2025-09-18 20:52:03,851 - twitter_scraper - INFO - Successfully connected to EdgeDB database
2025-09-18 20:52:03,853 - twitter_scraper - INFO - Found 0 existing profile pictures
2025-09-18 20:52:03,854 - twitter_scraper - INFO - Profile picture scraper initialized with optimized settings
2025-09-18 20:52:03,856 - twitter_scraper - INFO - 🔍 Getting profile image URL for @prismcollect_...
2025-09-18 20:52:04,203 - twitter_scraper - WARNING - ❌ No profile image URL found for @prismcollect_
2025-09-18 20:52:04,204 - twitter_scraper - INFO - Profile picture scraper cleanup completed
2025-09-18 20:52:04,207 - twitter_scraper - INFO - Disconnected from EdgeDB database
2025-09-18 20:52:13,571 - twitter_scraper - INFO - 🐦 Twitter Profile Picture Scraper
2025-09-18 20:52:13,575 - twitter_scraper - INFO - Mode: test
2025-09-18 20:52:13,576 - twitter_scraper - INFO - Database: EdgeDB
2025-09-18 20:52:13,576 - twitter_scraper - INFO - 🖼️ Starting Profile Picture Scraping Session
2025-09-18 20:52:13,577 - twitter_scraper - INFO - ============================================================
2025-09-18 20:52:13,578 - twitter_scraper - INFO - Using EdgeDB Database
2025-09-18 20:52:13,579 - twitter_scraper - INFO - Connecting to EdgeDB database...
2025-09-18 20:52:13,605 - twitter_scraper - INFO - Successfully connected to EdgeDB database
2025-09-18 20:52:13,606 - twitter_scraper - INFO - ✅ Connected to database
2025-09-18 20:52:13,608 - twitter_scraper - INFO - 📊 Extracting unique users from tweet database...
2025-09-18 20:52:13,609 - twitter_scraper - INFO - Extracting unique users from database...
2025-09-18 20:52:13,623 - twitter_scraper - INFO - Extracted 1 unique valid users from database
2025-09-18 20:52:13,624 - twitter_scraper - INFO - 👥 Found 1 unique users to process
2025-09-18 20:52:13,625 - twitter_scraper - INFO - Users: @Resonance
2025-09-18 20:52:13,626 - twitter_scraper - INFO - Found 0 existing profile pictures
2025-09-18 20:52:13,627 - twitter_scraper - INFO - Profile picture scraper initialized with optimized settings
2025-09-18 20:52:13,628 - twitter_scraper - INFO - ✅ Profile picture scraper initialized
2025-09-18 20:52:13,629 - twitter_scraper - INFO - 🚀 Starting profile picture downloads...
2025-09-18 20:52:13,630 - twitter_scraper - INFO - 🖼️ Starting profile picture scraping for 1 users
2025-09-18 20:52:13,893 - twitter_scraper - INFO - Progress: 1/1 users processed (0.0% success rate)
2025-09-18 20:52:13,893 - twitter_scraper - INFO - ✅ Profile picture scraping completed!
2025-09-18 20:52:13,894 - twitter_scraper - INFO - 📊 Statistics:
2025-09-18 20:52:13,895 - twitter_scraper - INFO -    - Successful downloads: 0
2025-09-18 20:52:13,895 - twitter_scraper - INFO -    - Failed downloads: 1
2025-09-18 20:52:13,896 - twitter_scraper - INFO -    - Success rate: 0.0%
2025-09-18 20:52:13,897 - twitter_scraper - INFO -    - Total time: 0.0 minutes
2025-09-18 20:52:13,898 - twitter_scraper - INFO -    - Average time per user: 0.3 seconds
2025-09-18 20:52:13,899 - twitter_scraper - INFO - 📈 FINAL RESULTS:
2025-09-18 20:52:13,900 - twitter_scraper - INFO - ============================================================
2025-09-18 20:52:13,900 - twitter_scraper - INFO - ✅ Successful downloads: 0
2025-09-18 20:52:13,901 - twitter_scraper - INFO - ❌ Failed downloads: 1
2025-09-18 20:52:13,902 - twitter_scraper - INFO - 📊 Success rate: 0.0%
2025-09-18 20:52:13,903 - twitter_scraper - INFO - ❌ Failed to download: @Resonance
2025-09-18 20:52:13,903 - twitter_scraper - INFO - 📁 Files created: 0 images in /home/delta/Projects/PrismaticCollections(SpiralFlip_Site)/twitter-scraper-linux/twitter-pfps
2025-09-18 20:52:13,905 - twitter_scraper - INFO - Profile picture scraper cleanup completed
2025-09-18 20:52:13,910 - twitter_scraper - INFO - Disconnected from EdgeDB database
2025-09-18 20:52:13,911 - twitter_scraper - INFO - 🧹 Cleanup completed
2025-09-18 20:52:23,530 - twitter_scraper - INFO - Connecting to EdgeDB database...
2025-09-18 20:52:23,557 - twitter_scraper - INFO - Successfully connected to EdgeDB database
2025-09-18 20:52:23,563 - twitter_scraper - INFO - Disconnected from EdgeDB database
2025-09-18 20:53:00,388 - twitter_scraper - INFO - 🔬 Testing Profile URL Extraction
2025-09-18 20:53:00,392 - twitter_scraper - INFO - Found 0 existing profile pictures
2025-09-18 20:53:00,393 - twitter_scraper - INFO - Profile picture scraper initialized with optimized settings
2025-09-18 20:53:00,394 - twitter_scraper - INFO - 
Testing @github:
2025-09-18 20:53:00,653 - twitter_scraper - WARNING -   ❌ No URL found
2025-09-18 20:53:00,655 - twitter_scraper - INFO - 
Testing @vercel:
2025-09-18 20:53:00,656 - twitter_scraper - INFO - Rate limiting: waiting 2.9 seconds...
2025-09-18 20:53:03,875 - twitter_scraper - WARNING -   ❌ No URL found
2025-09-18 20:53:03,876 - twitter_scraper - INFO - 
Testing @nodejs:
2025-09-18 20:53:03,877 - twitter_scraper - INFO - Rate limiting: waiting 4.1 seconds...
2025-09-18 20:53:08,166 - twitter_scraper - WARNING -   ❌ No URL found
2025-09-18 20:53:08,168 - twitter_scraper - INFO - Profile picture scraper cleanup completed
