#options: 1920x1152 fps=60/1 timebase=1/60 bitdepth=8 cabac=1 ref=1 deblock=1:0:0 analyse=0x1:0 me=dia subme=2 psy=1 psy_rd=1.00:0.00 mixed_ref=0 me_range=16 chroma_me=1 trellis=0 8x8dct=0 cqm=0 deadzone=21,11 fast_pskip=1 chroma_qp_offset=0 threads=18 lookahead_threads=9 sliced_threads=0 nr=0 decimate=1 interlaced=0 bluray_compat=0 constrained_intra=0 bframes=8 b_pyramid=2 b_adapt=2 b_bias=0 direct=3 weightb=1 open_gop=0 weightp=2 keyint=250 keyint_min=25 scenecut=40 intra_refresh=0 rc_lookahead=60 rc=abr mbtree=1 bitrate=10000 ratetol=1.0 qcomp=0.60 qpmin=0 qpmax=69 qpstep=4 vbv_maxrate=12000 vbv_bufsize=15000 nal_hrd=none filler=0 ip_ratio=1.40 aq=1:1.00
in:0 out:0 type:I dur:2 cpbdur:2 q:28.23 aq:13.00 tex:8607 mv:3826 misc:6519 imb:8640 pmb:0 smb:0 d:- ref:;
in:9 out:1 type:P dur:2 cpbdur:2 q:28.21 aq:14.00 tex:0 mv:0 misc:432 imb:0 pmb:0 smb:8640 d:- ref:0 ;
in:4 out:2 type:B dur:2 cpbdur:2 q:28.23 aq:15.00 tex:0 mv:0 misc:416 imb:0 pmb:0 smb:8640 d:- ref:0 ;
in:1 out:3 type:b dur:2 cpbdur:2 q:28.23 aq:18.00 tex:0 mv:0 misc:416 imb:0 pmb:0 smb:8640 d:- ref:0 ;
in:2 out:4 type:b dur:2 cpbdur:2 q:28.23 aq:18.00 tex:0 mv:0 misc:416 imb:0 pmb:0 smb:8640 d:- ref:0 ;
in:3 out:5 type:b dur:2 cpbdur:2 q:28.23 aq:18.00 tex:0 mv:0 misc:416 imb:0 pmb:0 smb:8640 d:- ref:0 ;
in:5 out:6 type:b dur:2 cpbdur:2 q:28.23 aq:18.00 tex:0 mv:0 misc:416 imb:0 pmb:0 smb:8640 d:- ref:0 ;
in:6 out:7 type:b dur:2 cpbdur:2 q:28.23 aq:18.00 tex:0 mv:0 misc:416 imb:0 pmb:0 smb:8640 d:- ref:0 ;
in:7 out:8 type:b dur:2 cpbdur:2 q:28.23 aq:18.00 tex:0 mv:0 misc:416 imb:0 pmb:0 smb:8640 d:- ref:0 ;
in:8 out:9 type:b dur:2 cpbdur:2 q:28.23 aq:18.00 tex:0 mv:0 misc:416 imb:0 pmb:0 smb:8640 d:- ref:0 ;
in:15 out:10 type:P dur:2 cpbdur:2 q:27.60 aq:14.00 tex:0 mv:0 misc:440 imb:0 pmb:0 smb:8640 d:- ref:0 ;
in:12 out:11 type:B dur:2 cpbdur:2 q:28.20 aq:16.00 tex:0 mv:0 misc:432 imb:0 pmb:0 smb:8640 d:- ref:0 ;
in:10 out:12 type:b dur:2 cpbdur:2 q:28.21 aq:18.00 tex:0 mv:0 misc:416 imb:0 pmb:0 smb:8640 d:- ref:0 ;
in:11 out:13 type:b dur:2 cpbdur:2 q:28.20 aq:18.00 tex:0 mv:0 misc:416 imb:0 pmb:0 smb:8640 d:- ref:0 ;
in:13 out:14 type:b dur:2 cpbdur:2 q:28.20 aq:18.00 tex:0 mv:0 misc:416 imb:0 pmb:0 smb:8640 d:- ref:0 ;
in:14 out:15 type:b dur:2 cpbdur:2 q:28.20 aq:18.00 tex:0 mv:0 misc:416 imb:0 pmb:0 smb:8640 d:- ref:0 ;
in:19 out:16 type:P dur:2 cpbdur:2 q:27.17 aq:15.84 tex:5530 mv:1718 misc:648 imb:366 pmb:18 smb:8256 d:- ref:0 ;
in:17 out:17 type:B dur:2 cpbdur:2 q:27.59 aq:17.13 tex:2129 mv:1894 misc:825 imb:91 pmb:178 smb:8371 d:s ref:0 ;
in:16 out:18 type:b dur:2 cpbdur:2 q:27.60 aq:18.49 tex:1224 mv:1159 misc:729 imb:49 pmb:108 smb:8483 d:s ref:0 ;
in:18 out:19 type:b dur:2 cpbdur:2 q:27.59 aq:18.58 tex:1395 mv:1288 misc:869 imb:35 pmb:119 smb:8486 d:- ref:0 ;
in:24 out:20 type:P dur:2 cpbdur:2 q:19.17 aq:7.58 tex:60708 mv:14102 misc:838 imb:8196 pmb:100 smb:344 d:- ref:0 ;
in:21 out:21 type:B dur:2 cpbdur:2 q:27.12 aq:14.65 tex:3079 mv:4326 misc:1155 imb:131 pmb:623 smb:7886 d:s ref:0 ;
in:20 out:22 type:b dur:2 cpbdur:2 q:27.14 aq:17.51 tex:1307 mv:1977 misc:1156 imb:30 pmb:238 smb:8372 d:s ref:0 ;
in:22 out:23 type:b dur:2 cpbdur:2 q:27.10 aq:16.55 tex:1414 mv:2496 misc:1394 imb:66 pmb:265 smb:8309 d:- ref:0 ;
in:23 out:24 type:b dur:2 cpbdur:2 q:27.08 aq:16.14 tex:2021 mv:2914 misc:1777 imb:117 pmb:356 smb:8167 d:- ref:0 ;
in:28 out:25 type:P dur:2 cpbdur:2 q:11.34 aq:1.45 tex:229766 mv:21529 misc:1105 imb:7635 pmb:168 smb:837 d:- ref:0 w:7,113,4 ;
in:26 out:26 type:B dur:2 cpbdur:2 q:19.11 aq:9.46 tex:44251 mv:23510 misc:1991 imb:1486 pmb:2794 smb:4360 d:s ref:0 ;
in:25 out:27 type:b dur:2 cpbdur:2 q:19.14 aq:10.45 tex:26265 mv:15744 misc:2295 imb:523 pmb:2825 smb:5292 d:s ref:0 ;
in:27 out:28 type:b dur:2 cpbdur:2 q:19.08 aq:10.42 tex:32955 mv:16703 misc:3846 imb:721 pmb:1361 smb:6558 d:- ref:0 ;
in:29 out:29 type:P dur:2 cpbdur:2 q:11.34 aq:1.93 tex:246338 mv:25443 misc:3251 imb:4320 pmb:567 smb:3753 d:- ref:0 ;
in:30 out:30 type:P dur:2 cpbdur:2 q:11.59 aq:2.46 tex:278502 mv:24566 misc:3828 imb:3422 pmb:844 smb:4374 d:- ref:0 ;
in:31 out:31 type:P dur:2 cpbdur:2 q:11.72 aq:1.97 tex:352138 mv:32101 misc:3393 imb:5999 pmb:677 smb:1964 d:- ref:0 w:6,77,-4 ;
in:33 out:32 type:P dur:2 cpbdur:2 q:12.13 aq:3.21 tex:367145 mv:33392 misc:3447 imb:4823 pmb:998 smb:2819 d:- ref:0 ;
in:32 out:33 type:b dur:2 cpbdur:2 q:12.13 aq:3.48 tex:241112 mv:38714 misc:3614 imb:1144 pmb:5098 smb:2398 d:s ref:0 ;
in:34 out:34 type:P dur:2 cpbdur:2 q:12.34 aq:3.06 tex:331742 mv:36642 misc:4136 imb:4549 pmb:1455 smb:2636 d:s ref:0 ;
in:36 out:35 type:P dur:2 cpbdur:2 q:12.40 aq:3.10 tex:397452 mv:37064 misc:3980 imb:4677 pmb:1361 smb:2602 d:s ref:0 ;
in:35 out:36 type:b dur:2 cpbdur:2 q:12.44 aq:3.95 tex:245976 mv:43110 misc:5586 imb:1505 pmb:3519 smb:3616 d:s ref:0 ;
in:39 out:37 type:P dur:2 cpbdur:2 q:12.42 aq:3.09 tex:412183 mv:38408 misc:4129 imb:4661 pmb:1420 smb:2559 d:s ref:0 ;
in:37 out:38 type:B dur:2 cpbdur:2 q:12.44 aq:3.61 tex:288696 mv:47398 misc:6154 imb:1672 pmb:3405 smb:3563 d:s ref:0 ;
in:38 out:39 type:b dur:2 cpbdur:2 q:12.44 aq:3.87 tex:245653 mv:42200 misc:5683 imb:1194 pmb:3847 smb:3599 d:- ref:0 ;
in:42 out:40 type:P dur:2 cpbdur:2 q:12.78 aq:3.80 tex:391834 mv:41807 misc:4207 imb:4183 pmb:1868 smb:2589 d:s ref:0 ;
in:40 out:41 type:B dur:2 cpbdur:2 q:12.79 aq:3.79 tex:274616 mv:45880 misc:5856 imb:1388 pmb:3891 smb:3361 d:s ref:0 ;
in:41 out:42 type:b dur:2 cpbdur:2 q:12.79 aq:4.23 tex:210452 mv:43398 misc:6134 imb:1044 pmb:3828 smb:3768 d:- ref:0 ;
in:43 out:43 type:P dur:2 cpbdur:2 q:13.01 aq:3.40 tex:326021 mv:38513 misc:5250 imb:3237 pmb:2416 smb:2987 d:s ref:0 ;
in:47 out:44 type:P dur:2 cpbdur:2 q:13.51 aq:4.18 tex:377714 mv:38370 misc:5276 imb:3003 pmb:2185 smb:3452 d:s ref:0 ;
in:45 out:45 type:B dur:2 cpbdur:2 q:13.54 aq:4.64 tex:269080 mv:44574 misc:6306 imb:1090 pmb:3981 smb:3569 d:s ref:0 ;
in:44 out:46 type:b dur:2 cpbdur:2 q:13.54 aq:5.05 tex:183301 mv:40130 misc:6265 imb:733 pmb:4004 smb:3903 d:s ref:0 ;
in:46 out:47 type:b dur:2 cpbdur:2 q:13.54 aq:5.31 tex:176864 mv:36885 misc:6371 imb:499 pmb:3952 smb:4189 d:- ref:0 ;
in:51 out:48 type:P dur:2 cpbdur:2 q:13.77 aq:4.79 tex:390135 mv:42058 misc:4447 imb:3986 pmb:1944 smb:2710 d:s ref:0 ;
in:49 out:49 type:B dur:2 cpbdur:2 q:13.77 aq:4.90 tex:279230 mv:48512 misc:5722 imb:1064 pmb:4167 smb:3409 d:s ref:0 ;
in:48 out:50 type:b dur:2 cpbdur:2 q:13.77 aq:5.66 tex:168452 mv:38277 misc:6255 imb:535 pmb:3931 smb:4174 d:s ref:0 ;
in:50 out:51 type:b dur:2 cpbdur:2 q:13.77 aq:5.69 tex:169726 mv:38307 misc:6327 imb:522 pmb:3988 smb:4130 d:- ref:0 ;
in:54 out:52 type:P dur:2 cpbdur:2 q:13.87 aq:4.82 tex:351375 mv:38564 misc:4589 imb:3439 pmb:1984 smb:3217 d:s ref:0 ;
in:52 out:53 type:B dur:2 cpbdur:2 q:13.89 aq:5.56 tex:209918 mv:41296 misc:6130 imb:765 pmb:3965 smb:3910 d:s ref:0 ;
in:53 out:54 type:b dur:2 cpbdur:2 q:13.90 aq:5.88 tex:185484 mv:39912 misc:5996 imb:624 pmb:4082 smb:3934 d:- ref:0 ;
in:57 out:55 type:P dur:2 cpbdur:2 q:13.97 aq:4.80 tex:336960 mv:39408 misc:4256 imb:3522 pmb:1963 smb:3155 d:s ref:0 ;
in:55 out:56 type:B dur:2 cpbdur:2 q:14.00 aq:5.58 tex:205462 mv:39951 misc:6315 imb:773 pmb:3989 smb:3878 d:s ref:0 ;
in:56 out:57 type:b dur:2 cpbdur:2 q:14.00 aq:5.85 tex:159091 mv:36512 misc:6149 imb:595 pmb:3963 smb:4082 d:- ref:0 ;
in:60 out:58 type:P dur:2 cpbdur:2 q:13.96 aq:4.92 tex:351928 mv:38313 misc:3943 imb:3403 pmb:1839 smb:3398 d:s ref:0 ;
in:58 out:59 type:B dur:2 cpbdur:2 q:14.09 aq:5.68 tex:188768 mv:38639 misc:6225 imb:733 pmb:3799 smb:4108 d:t ref:0 ;
in:59 out:60 type:b dur:2 cpbdur:2 q:14.09 aq:6.07 tex:160370 mv:36573 misc:5969 imb:583 pmb:3912 smb:4145 d:- ref:0 ;
in:63 out:61 type:P dur:2 cpbdur:2 q:14.24 aq:5.08 tex:323219 mv:40762 misc:3659 imb:4079 pmb:1753 smb:2808 d:s ref:0 ;
in:61 out:62 type:B dur:2 cpbdur:2 q:14.27 aq:5.92 tex:186477 mv:37815 misc:5884 imb:890 pmb:3557 smb:4193 d:s ref:0 ;
in:62 out:63 type:b dur:2 cpbdur:2 q:14.27 aq:6.44 tex:142810 mv:35786 misc:5676 imb:529 pmb:3670 smb:4441 d:- ref:0 ;
in:66 out:64 type:P dur:2 cpbdur:2 q:14.64 aq:5.36 tex:323966 mv:41093 misc:3197 imb:4495 pmb:1608 smb:2537 d:s ref:0 ;
in:64 out:65 type:B dur:2 cpbdur:2 q:14.65 aq:6.50 tex:154793 mv:36880 misc:5535 imb:786 pmb:3247 smb:4607 d:s ref:0 ;
in:65 out:66 type:b dur:2 cpbdur:2 q:14.65 aq:6.92 tex:128793 mv:34188 misc:5555 imb:581 pmb:3339 smb:4720 d:- ref:0 ;
in:68 out:67 type:P dur:2 cpbdur:2 q:14.98 aq:5.16 tex:282154 mv:38348 misc:3890 imb:4231 pmb:1710 smb:2699 d:s ref:0 ;
in:67 out:68 type:b dur:2 cpbdur:2 q:14.97 aq:7.17 tex:117937 mv:32726 misc:5777 imb:522 pmb:3364 smb:4754 d:s ref:0 ;
in:72 out:69 type:P dur:2 cpbdur:2 q:15.10 aq:4.26 tex:302089 mv:33692 misc:1971 imb:5516 pmb:1169 smb:1955 d:s ref:0 ;
in:70 out:70 type:B dur:2 cpbdur:2 q:15.11 aq:6.37 tex:145881 mv:35342 misc:4665 imb:1098 pmb:2898 smb:4644 d:s ref:0 ;
in:69 out:71 type:b dur:2 cpbdur:2 q:15.11 aq:7.48 tex:112333 mv:30455 misc:5300 imb:565 pmb:3067 smb:5008 d:s ref:0 ;
in:71 out:72 type:b dur:2 cpbdur:2 q:15.11 aq:7.51 tex:98893 mv:25720 misc:4659 imb:506 pmb:2710 smb:5424 d:- ref:0 ;
in:77 out:73 type:P dur:2 cpbdur:2 q:15.29 aq:3.96 tex:278905 mv:27744 misc:1319 imb:5889 pmb:1076 smb:1675 d:s ref:0 ;
in:74 out:74 type:B dur:2 cpbdur:2 q:15.29 aq:6.09 tex:181503 mv:31779 misc:3014 imb:977 pmb:2422 smb:5241 d:s ref:0 ;
in:73 out:75 type:b dur:2 cpbdur:2 q:15.29 aq:7.64 tex:96820 mv:25381 misc:4487 imb:485 pmb:2604 smb:5551 d:s ref:0 ;
in:75 out:76 type:b dur:2 cpbdur:2 q:15.29 aq:6.96 tex:219657 mv:25905 misc:3814 imb:584 pmb:4569 smb:3487 d:- ref:0 ;
in:76 out:77 type:b dur:2 cpbdur:2 q:15.29 aq:7.44 tex:139645 mv:23277 misc:3678 imb:523 pmb:2707 smb:5410 d:- ref:0 ;
in:81 out:78 type:P dur:2 cpbdur:2 q:15.59 aq:3.37 tex:239122 mv:21613 misc:1193 imb:2472 pmb:864 smb:5304 d:s ref:0 ;
in:79 out:79 type:B dur:2 cpbdur:2 q:15.58 aq:6.34 tex:111960 mv:22360 misc:2608 imb:349 pmb:1965 smb:6326 d:s ref:0 ;
in:78 out:80 type:b dur:2 cpbdur:2 q:15.58 aq:7.96 tex:70674 mv:21385 misc:3085 imb:332 pmb:1820 smb:6488 d:s ref:0 ;
in:80 out:81 type:b dur:2 cpbdur:2 q:15.59 aq:7.86 tex:62428 mv:18158 misc:2838 imb:192 pmb:1801 smb:6647 d:- ref:0 ;
in:86 out:82 type:P dur:2 cpbdur:2 q:15.87 aq:4.00 tex:241664 mv:16987 misc:1117 imb:1135 pmb:916 smb:6589 d:s ref:0 ;
in:83 out:83 type:B dur:2 cpbdur:2 q:15.87 aq:5.91 tex:99472 mv:19519 misc:1849 imb:322 pmb:1457 smb:6861 d:s ref:0 ;
in:82 out:84 type:b dur:2 cpbdur:2 q:15.87 aq:8.48 tex:45673 mv:15104 misc:2223 imb:120 pmb:1384 smb:7136 d:s ref:0 ;
in:84 out:85 type:b dur:2 cpbdur:2 q:15.87 aq:8.44 tex:50570 mv:15365 misc:2137 imb:121 pmb:1286 smb:7233 d:- ref:0 ;
in:85 out:86 type:b dur:2 cpbdur:2 q:15.87 aq:8.39 tex:50971 mv:14912 misc:2157 imb:122 pmb:1285 smb:7233 d:- ref:0 ;
in:91 out:87 type:P dur:2 cpbdur:2 q:16.02 aq:4.39 tex:261604 mv:16746 misc:1018 imb:1041 pmb:915 smb:6684 d:s ref:0 w:7,125,0 ;
in:88 out:88 type:B dur:2 cpbdur:2 q:16.02 aq:6.11 tex:94044 mv:18686 misc:1822 imb:148 pmb:1532 smb:6960 d:s ref:0 ;
in:87 out:89 type:b dur:2 cpbdur:2 q:16.02 aq:8.30 tex:40204 mv:14302 misc:2118 imb:75 pmb:1306 smb:7259 d:s ref:0 ;
in:89 out:90 type:b dur:2 cpbdur:2 q:16.02 aq:8.70 tex:44463 mv:13579 misc:2238 imb:68 pmb:1231 smb:7341 d:- ref:0 ;
in:90 out:91 type:b dur:2 cpbdur:2 q:16.02 aq:8.52 tex:41777 mv:13721 misc:2302 imb:76 pmb:1198 smb:7366 d:- ref:0 ;
in:96 out:92 type:P dur:2 cpbdur:2 q:16.05 aq:4.46 tex:292424 mv:17486 misc:1162 imb:998 pmb:974 smb:6668 d:s ref:0 w:6,61,1,6,61,6,64,0 ;
in:93 out:93 type:B dur:2 cpbdur:2 q:16.05 aq:7.26 tex:86675 mv:17573 misc:1856 imb:131 pmb:1544 smb:6965 d:s ref:0 ;
in:92 out:94 type:b dur:2 cpbdur:2 q:16.05 aq:8.41 tex:33655 mv:12761 misc:2416 imb:46 pmb:1258 smb:7336 d:s ref:0 ;
in:94 out:95 type:b dur:2 cpbdur:2 q:16.05 aq:8.79 tex:40933 mv:13391 misc:2420 imb:64 pmb:1239 smb:7337 d:- ref:0 ;
in:95 out:96 type:b dur:2 cpbdur:2 q:16.05 aq:8.60 tex:40575 mv:13861 misc:2396 imb:55 pmb:1279 smb:7306 d:- ref:0 ;
in:101 out:97 type:P dur:2 cpbdur:2 q:16.10 aq:4.78 tex:304297 mv:18221 misc:1082 imb:1161 pmb:912 smb:6567 d:s ref:0 w:4,15,1 ;
in:98 out:98 type:B dur:2 cpbdur:2 q:16.10 aq:6.28 tex:88691 mv:16989 misc:1936 imb:144 pmb:1560 smb:6936 d:s ref:0 ;
in:97 out:99 type:b dur:2 cpbdur:2 q:16.10 aq:8.14 tex:34628 mv:12432 misc:2468 imb:41 pmb:1311 smb:7288 d:s ref:0 ;
in:99 out:100 type:b dur:2 cpbdur:2 q:16.10 aq:8.12 tex:45557 mv:14626 misc:2489 imb:90 pmb:1360 smb:7190 d:- ref:0 ;
in:100 out:101 type:b dur:2 cpbdur:2 q:16.10 aq:8.69 tex:47799 mv:14125 misc:2300 imb:90 pmb:1333 smb:7217 d:- ref:0 ;
in:105 out:102 type:P dur:2 cpbdur:2 q:16.25 aq:4.99 tex:319068 mv:17566 misc:942 imb:1293 pmb:821 smb:6526 d:s ref:0 w:5,31,0 ;
in:103 out:103 type:B dur:2 cpbdur:2 q:16.31 aq:7.07 tex:80026 mv:20281 misc:1765 imb:240 pmb:1603 smb:6797 d:s ref:0 ;
in:102 out:104 type:b dur:2 cpbdur:2 q:16.31 aq:8.33 tex:42370 mv:14600 misc:2374 imb:98 pmb:1423 smb:7119 d:s ref:0 ;
in:104 out:105 type:b dur:2 cpbdur:2 q:16.31 aq:8.16 tex:48001 mv:17148 misc:2107 imb:140 pmb:1506 smb:6994 d:- ref:0 ;
in:109 out:106 type:P dur:2 cpbdur:2 q:16.48 aq:5.36 tex:242205 mv:16888 misc:1203 imb:841 pmb:1111 smb:6688 d:s ref:0 ;
in:107 out:107 type:B dur:2 cpbdur:2 q:16.52 aq:8.22 tex:61008 mv:17227 misc:2069 imb:130 pmb:1450 smb:7060 d:t ref:0 ;
in:106 out:108 type:b dur:2 cpbdur:2 q:16.52 aq:9.23 tex:30691 mv:12881 misc:2428 imb:88 pmb:1212 smb:7340 d:s ref:0 ;
in:108 out:109 type:b dur:2 cpbdur:2 q:16.52 aq:9.53 tex:30298 mv:11800 misc:2318 imb:85 pmb:1154 smb:7401 d:- ref:0 ;
in:114 out:110 type:P dur:2 cpbdur:2 q:16.67 aq:5.12 tex:241084 mv:16608 misc:1180 imb:863 pmb:1108 smb:6669 d:s ref:0 ;
in:111 out:111 type:B dur:2 cpbdur:2 q:16.72 aq:7.35 tex:59517 mv:16083 misc:2176 imb:128 pmb:1340 smb:7172 d:t ref:0 ;
in:110 out:112 type:b dur:2 cpbdur:2 q:16.72 aq:9.91 tex:21184 mv:10686 misc:2354 imb:60 pmb:1000 smb:7580 d:s ref:0 ;
in:112 out:113 type:b dur:2 cpbdur:2 q:16.72 aq:10.09 tex:29988 mv:11633 misc:2435 imb:73 pmb:1021 smb:7546 d:- ref:0 ;
in:113 out:114 type:b dur:2 cpbdur:2 q:16.72 aq:9.80 tex:30226 mv:11200 misc:2398 imb:61 pmb:1069 smb:7510 d:- ref:0 ;
in:118 out:115 type:P dur:2 cpbdur:2 q:16.81 aq:5.29 tex:216835 mv:16505 misc:1348 imb:798 pmb:1172 smb:6670 d:s ref:0 ;
in:116 out:116 type:B dur:2 cpbdur:2 q:16.86 aq:8.38 tex:48393 mv:15831 misc:2328 imb:116 pmb:1387 smb:7137 d:t ref:0 ;
in:115 out:117 type:b dur:2 cpbdur:2 q:16.86 aq:9.60 tex:23412 mv:12169 misc:2395 imb:77 pmb:1156 smb:7407 d:s ref:0 ;
in:117 out:118 type:b dur:2 cpbdur:2 q:16.86 aq:9.83 tex:24760 mv:12848 misc:2552 imb:101 pmb:1136 smb:7403 d:- ref:0 ;
in:123 out:119 type:P dur:2 cpbdur:2 q:17.07 aq:5.28 tex:229916 mv:16574 misc:1318 imb:1110 pmb:924 smb:6606 d:s ref:0 ;
in:120 out:120 type:B dur:2 cpbdur:2 q:17.11 aq:8.09 tex:59960 mv:16828 misc:2260 imb:218 pmb:1302 smb:7120 d:s ref:0 ;
in:119 out:121 type:b dur:2 cpbdur:2 q:17.11 aq:10.25 tex:23701 mv:10837 misc:2390 imb:78 pmb:1024 smb:7538 d:s ref:0 ;
in:121 out:122 type:b dur:2 cpbdur:2 q:17.11 aq:10.34 tex:31719 mv:11900 misc:2349 imb:139 pmb:1009 smb:7492 d:- ref:0 ;
in:122 out:123 type:b dur:2 cpbdur:2 q:17.11 aq:10.29 tex:27978 mv:10653 misc:2273 imb:113 pmb:934 smb:7593 d:- ref:0 ;
in:129 out:124 type:P dur:2 cpbdur:2 q:16.52 aq:5.22 tex:209162 mv:15143 misc:1351 imb:812 pmb:1109 smb:6719 d:s ref:0 ;
in:126 out:125 type:B dur:2 cpbdur:2 q:17.07 aq:8.32 tex:58022 mv:15359 misc:2171 imb:169 pmb:1307 smb:7164 d:s ref:0 ;
in:124 out:126 type:b dur:2 cpbdur:2 q:17.07 aq:11.28 tex:19299 mv:8296 misc:2237 imb:54 pmb:829 smb:7757 d:s ref:0 ;
in:125 out:127 type:b dur:2 cpbdur:2 q:17.07 aq:11.49 tex:15297 mv:7629 misc:2266 imb:48 pmb:740 smb:7852 d:s ref:0 ;
in:127 out:128 type:b dur:2 cpbdur:2 q:17.07 aq:11.46 tex:18183 mv:7903 misc:2210 imb:53 pmb:781 smb:7806 d:- ref:0 ;
in:128 out:129 type:b dur:2 cpbdur:2 q:17.07 aq:11.33 tex:16943 mv:7998 misc:2163 imb:55 pmb:757 smb:7828 d:- ref:0 ;
in:134 out:130 type:P dur:2 cpbdur:2 q:16.47 aq:6.10 tex:181000 mv:14137 misc:1367 imb:784 pmb:1031 smb:6825 d:s ref:0 ;
in:131 out:131 type:B dur:2 cpbdur:2 q:16.70 aq:7.39 tex:55616 mv:12432 misc:2192 imb:144 pmb:1152 smb:7344 d:s ref:0 ;
in:130 out:132 type:b dur:2 cpbdur:2 q:16.70 aq:11.05 tex:17372 mv:8255 misc:2173 imb:57 pmb:805 smb:7778 d:s ref:0 ;
in:132 out:133 type:b dur:2 cpbdur:2 q:16.69 aq:10.84 tex:23275 mv:8448 misc:2149 imb:70 pmb:802 smb:7768 d:- ref:0 ;
in:133 out:134 type:b dur:2 cpbdur:2 q:16.69 aq:10.78 tex:24429 mv:8644 misc:2023 imb:75 pmb:782 smb:7783 d:- ref:0 ;
in:137 out:135 type:P dur:2 cpbdur:2 q:15.00 aq:3.72 tex:207533 mv:12706 misc:1449 imb:729 pmb:1073 smb:6838 d:s ref:0 ;
in:135 out:136 type:B dur:2 cpbdur:2 q:16.49 aq:8.79 tex:32642 mv:8233 misc:2149 imb:96 pmb:852 smb:7692 d:s ref:0 ;
in:136 out:137 type:b dur:2 cpbdur:2 q:16.52 aq:10.27 tex:25053 mv:8119 misc:2220 imb:112 pmb:800 smb:7728 d:- ref:0 ;
in:142 out:138 type:P dur:2 cpbdur:2 q:15.32 aq:5.66 tex:271371 mv:14431 misc:1126 imb:1152 pmb:830 smb:6658 d:s ref:0 ;
in:139 out:139 type:B dur:2 cpbdur:2 q:15.34 aq:6.46 tex:90289 mv:13365 misc:1762 imb:289 pmb:1170 smb:7181 d:s ref:0 ;
in:138 out:140 type:b dur:2 cpbdur:2 q:15.34 aq:8.78 tex:32637 mv:9678 misc:2013 imb:126 pmb:912 smb:7602 d:s ref:0 ;
in:140 out:141 type:b dur:2 cpbdur:2 q:15.34 aq:7.35 tex:44174 mv:9479 misc:2051 imb:216 pmb:829 smb:7595 d:- ref:0 ;
in:141 out:142 type:b dur:2 cpbdur:2 q:15.34 aq:7.10 tex:40572 mv:9589 misc:1999 imb:175 pmb:863 smb:7602 d:- ref:0 ;
in:146 out:143 type:P dur:2 cpbdur:2 q:15.45 aq:4.74 tex:233803 mv:13718 misc:1359 imb:973 pmb:897 smb:6770 d:s ref:0 ;
in:144 out:144 type:B dur:2 cpbdur:2 q:15.51 aq:6.64 tex:65061 mv:12337 misc:1994 imb:201 pmb:1142 smb:7297 d:s ref:0 ;
in:143 out:145 type:b dur:2 cpbdur:2 q:15.51 aq:7.06 tex:38081 mv:10717 misc:2074 imb:179 pmb:1019 smb:7442 d:s ref:0 ;
in:145 out:146 type:b dur:2 cpbdur:2 q:15.51 aq:6.95 tex:34849 mv:10791 misc:2144 imb:125 pmb:1043 smb:7472 d:- ref:0 ;
in:151 out:147 type:P dur:2 cpbdur:2 q:15.13 aq:4.75 tex:222535 mv:12165 misc:1436 imb:1105 pmb:788 smb:6747 d:s ref:0 ;
in:148 out:148 type:B dur:2 cpbdur:2 q:15.56 aq:6.48 tex:75697 mv:11388 misc:1963 imb:254 pmb:1080 smb:7306 d:s ref:0 ;
in:147 out:149 type:b dur:2 cpbdur:2 q:15.56 aq:7.32 tex:37255 mv:10238 misc:2075 imb:126 pmb:1004 smb:7510 d:s ref:0 ;
in:149 out:150 type:b dur:2 cpbdur:2 q:15.56 aq:7.46 tex:44576 mv:8367 misc:2009 imb:183 pmb:861 smb:7596 d:- ref:0 ;
in:150 out:151 type:b dur:2 cpbdur:2 q:15.55 aq:7.38 tex:39276 mv:7488 misc:1916 imb:188 pmb:727 smb:7725 d:- ref:0 ;
in:158 out:152 type:P dur:2 cpbdur:2 q:14.76 aq:4.04 tex:278111 mv:11693 misc:1428 imb:971 pmb:698 smb:6971 d:s ref:0 ;
in:154 out:153 type:B dur:2 cpbdur:2 q:15.29 aq:5.12 tex:70700 mv:10738 misc:2114 imb:238 pmb:1023 smb:7379 d:s ref:0 ;
in:152 out:154 type:b dur:2 cpbdur:2 q:15.33 aq:7.00 tex:27946 mv:5743 misc:1791 imb:86 pmb:673 smb:7881 d:s ref:0 ;
in:153 out:155 type:b dur:2 cpbdur:2 q:15.33 aq:7.03 tex:26905 mv:5515 misc:1788 imb:74 pmb:627 smb:7939 d:s ref:0 ;
in:155 out:156 type:b dur:2 cpbdur:2 q:15.32 aq:7.03 tex:36850 mv:7818 misc:1676 imb:134 pmb:734 smb:7772 d:- ref:0 ;
in:156 out:157 type:b dur:2 cpbdur:2 q:15.32 aq:7.10 tex:38898 mv:9067 misc:1947 imb:160 pmb:852 smb:7628 d:- ref:0 ;
in:157 out:158 type:b dur:2 cpbdur:2 q:15.32 aq:7.32 tex:36040 mv:7839 misc:1777 imb:115 pmb:836 smb:7689 d:- ref:0 ;
in:164 out:159 type:P dur:2 cpbdur:2 q:14.24 aq:2.94 tex:307863 mv:10945 misc:1344 imb:786 pmb:848 smb:7006 d:s ref:0 ;
in:161 out:160 type:B dur:2 cpbdur:2 q:15.05 aq:5.05 tex:69544 mv:9861 misc:1723 imb:141 pmb:1012 smb:7487 d:t ref:0 ;
in:159 out:161 type:b dur:2 cpbdur:2 q:15.16 aq:7.30 tex:26620 mv:5969 misc:1787 imb:62 pmb:690 smb:7888 d:s ref:0 ;
in:160 out:162 type:b dur:2 cpbdur:2 q:15.16 aq:6.99 tex:25624 mv:6494 misc:1690 imb:63 pmb:759 smb:7818 d:s ref:0 ;
in:162 out:163 type:b dur:2 cpbdur:2 q:15.16 aq:6.86 tex:23790 mv:4888 misc:1666 imb:73 pmb:626 smb:7941 d:- ref:0 ;
in:163 out:164 type:b dur:2 cpbdur:2 q:15.16 aq:7.07 tex:20529 mv:4563 misc:1756 imb:30 pmb:612 smb:7998 d:- ref:0 ;
in:169 out:165 type:P dur:2 cpbdur:2 q:14.44 aq:1.41 tex:202747 mv:9706 misc:1507 imb:524 pmb:955 smb:7161 d:s ref:0 ;
in:166 out:166 type:B dur:2 cpbdur:2 q:14.49 aq:4.41 tex:49751 mv:5385 misc:1728 imb:34 pmb:805 smb:7801 d:s ref:0 ;
in:165 out:167 type:b dur:2 cpbdur:2 q:14.49 aq:6.44 tex:21564 mv:4228 misc:1376 imb:34 pmb:532 smb:8074 d:s ref:0 ;
in:167 out:168 type:b dur:2 cpbdur:2 q:14.49 aq:6.18 tex:20944 mv:3808 misc:1384 imb:29 pmb:492 smb:8119 d:- ref:0 ;
in:168 out:169 type:b dur:2 cpbdur:2 q:14.49 aq:6.53 tex:19284 mv:3959 misc:1445 imb:18 pmb:527 smb:8095 d:- ref:0 ;
in:178 out:170 type:P dur:2 cpbdur:2 q:14.23 aq:1.64 tex:193574 mv:8440 misc:1586 imb:625 pmb:820 smb:7195 d:s ref:0 ;
in:173 out:171 type:B dur:2 cpbdur:2 q:14.46 aq:2.63 tex:78444 mv:7255 misc:1781 imb:77 pmb:982 smb:7581 d:s ref:0 ;
in:170 out:172 type:b dur:2 cpbdur:2 q:14.46 aq:6.19 tex:23407 mv:4613 misc:1372 imb:33 pmb:544 smb:8063 d:s ref:0 ;
in:171 out:173 type:b dur:2 cpbdur:2 q:14.46 aq:5.86 tex:27372 mv:5501 misc:1375 imb:35 pmb:680 smb:7925 d:s ref:0 ;
in:172 out:174 type:b dur:2 cpbdur:2 q:14.46 aq:6.07 tex:23869 mv:5074 misc:1321 imb:58 pmb:552 smb:8030 d:s ref:0 ;
in:174 out:175 type:b dur:2 cpbdur:2 q:14.46 aq:6.71 tex:30448 mv:4705 misc:1199 imb:81 pmb:553 smb:8006 d:- ref:0 ;
in:175 out:176 type:b dur:2 cpbdur:2 q:14.46 aq:6.35 tex:31709 mv:6035 misc:1272 imb:96 pmb:564 smb:7980 d:- ref:0 ;
in:176 out:177 type:b dur:2 cpbdur:2 q:14.46 aq:6.37 tex:25631 mv:4745 misc:1200 imb:82 pmb:509 smb:8049 d:- ref:0 ;
in:177 out:178 type:b dur:2 cpbdur:2 q:14.46 aq:6.39 tex:22401 mv:3906 misc:1205 imb:67 pmb:456 smb:8117 d:- ref:0 ;
in:187 out:179 type:P dur:2 cpbdur:2 q:14.24 aq:1.76 tex:182570 mv:8894 misc:1520 imb:535 pmb:811 smb:7294 d:s ref:0 ;
in:182 out:180 type:B dur:2 cpbdur:2 q:14.52 aq:2.48 tex:69938 mv:5734 misc:1568 imb:72 pmb:854 smb:7714 d:s ref:0 ;
in:179 out:181 type:b dur:2 cpbdur:2 q:14.52 aq:6.45 tex:21474 mv:4031 misc:1327 imb:40 pmb:519 smb:8081 d:s ref:0 ;
in:180 out:182 type:b dur:2 cpbdur:2 q:14.52 aq:6.58 tex:21717 mv:4843 misc:1264 imb:38 pmb:546 smb:8056 d:s ref:0 ;
in:181 out:183 type:b dur:2 cpbdur:2 q:14.52 aq:6.60 tex:21117 mv:3573 misc:1166 imb:38 pmb:474 smb:8128 d:s ref:0 ;
in:183 out:184 type:b dur:2 cpbdur:2 q:14.52 aq:6.56 tex:15206 mv:2838 misc:1316 imb:23 pmb:400 smb:8217 d:- ref:0 ;
in:184 out:185 type:b dur:2 cpbdur:2 q:14.52 aq:6.68 tex:26649 mv:5174 misc:1329 imb:68 pmb:621 smb:7951 d:- ref:0 ;
in:185 out:186 type:b dur:2 cpbdur:2 q:14.52 aq:6.27 tex:27059 mv:4493 misc:1200 imb:78 pmb:482 smb:8080 d:- ref:0 ;
in:186 out:187 type:b dur:2 cpbdur:2 q:14.52 aq:6.51 tex:23985 mv:3883 misc:1124 imb:45 pmb:502 smb:8093 d:- ref:0 ;
in:193 out:188 type:P dur:2 cpbdur:2 q:13.51 aq:3.90 tex:163788 mv:8560 misc:1692 imb:473 pmb:805 smb:7362 d:s ref:0 ;
in:190 out:189 type:B dur:2 cpbdur:2 q:14.31 aq:3.52 tex:56866 mv:6912 misc:1350 imb:108 pmb:744 smb:7788 d:s ref:0 ;
in:188 out:190 type:b dur:2 cpbdur:2 q:14.33 aq:6.80 tex:22332 mv:4216 misc:1340 imb:50 pmb:544 smb:8046 d:s ref:0 ;
in:189 out:191 type:b dur:2 cpbdur:2 q:14.33 aq:6.68 tex:22456 mv:3368 misc:1112 imb:44 pmb:461 smb:8135 d:s ref:0 ;
in:191 out:192 type:b dur:2 cpbdur:2 q:14.33 aq:5.74 tex:26000 mv:4970 misc:1270 imb:75 pmb:540 smb:8025 d:- ref:0 ;
in:192 out:193 type:b dur:2 cpbdur:2 q:14.32 aq:5.85 tex:25519 mv:4275 misc:1318 imb:63 pmb:525 smb:8052 d:- ref:0 ;
in:200 out:194 type:P dur:2 cpbdur:2 q:12.77 aq:1.88 tex:155804 mv:8836 misc:1584 imb:369 pmb:961 smb:7310 d:s ref:0 ;
in:196 out:195 type:B dur:2 cpbdur:2 q:13.61 aq:4.23 tex:58984 mv:8638 misc:1498 imb:86 pmb:863 smb:7691 d:s ref:0 ;
in:194 out:196 type:b dur:2 cpbdur:2 q:13.73 aq:5.95 tex:28567 mv:4718 misc:1371 imb:54 pmb:569 smb:8017 d:s ref:0 ;
in:195 out:197 type:b dur:2 cpbdur:2 q:13.73 aq:6.41 tex:21728 mv:5323 misc:1349 imb:48 pmb:547 smb:8045 d:s ref:0 ;
in:197 out:198 type:b dur:2 cpbdur:2 q:13.72 aq:6.81 tex:23741 mv:5936 misc:1419 imb:43 pmb:596 smb:8001 d:- ref:0 ;
in:198 out:199 type:b dur:2 cpbdur:2 q:13.72 aq:6.76 tex:31780 mv:6749 misc:1383 imb:60 pmb:665 smb:7915 d:- ref:0 ;
in:199 out:200 type:b dur:2 cpbdur:2 q:13.72 aq:6.41 tex:21667 mv:5487 misc:1422 imb:45 pmb:538 smb:8057 d:- ref:0 ;
in:204 out:201 type:P dur:2 cpbdur:2 q:12.38 aq:1.43 tex:227865 mv:8224 misc:1263 imb:330 pmb:1043 smb:7267 d:s ref:0 ;
in:202 out:202 type:B dur:2 cpbdur:2 q:13.19 aq:3.48 tex:43118 mv:6334 misc:1500 imb:34 pmb:755 smb:7851 d:s ref:0 ;
in:201 out:203 type:b dur:2 cpbdur:2 q:13.37 aq:5.60 tex:23618 mv:5857 misc:1581 imb:33 pmb:634 smb:7973 d:s ref:0 ;
in:203 out:204 type:b dur:2 cpbdur:2 q:13.36 aq:5.84 tex:18835 mv:4758 misc:1535 imb:20 pmb:575 smb:8045 d:- ref:0 ;
in:210 out:205 type:P dur:2 cpbdur:2 q:12.32 aq:1.10 tex:184595 mv:7818 misc:1595 imb:247 pmb:1020 smb:7373 d:s ref:0 ;
in:207 out:206 type:B dur:2 cpbdur:2 q:12.53 aq:2.10 tex:63409 mv:7002 misc:1261 imb:38 pmb:872 smb:7730 d:s ref:0 ;
in:205 out:207 type:b dur:2 cpbdur:2 q:12.53 aq:4.20 tex:23528 mv:4469 misc:1587 imb:21 pmb:568 smb:8051 d:s ref:0 ;
in:206 out:208 type:b dur:2 cpbdur:2 q:12.53 aq:4.01 tex:24212 mv:3948 misc:1616 imb:17 pmb:555 smb:8068 d:s ref:0 ;
in:208 out:209 type:b dur:2 cpbdur:2 q:12.53 aq:4.40 tex:19891 mv:3537 misc:1580 imb:23 pmb:480 smb:8137 d:- ref:0 ;
in:209 out:210 type:b dur:2 cpbdur:2 q:12.53 aq:4.30 tex:17700 mv:3826 misc:1482 imb:22 pmb:488 smb:8130 d:- ref:0 ;
in:217 out:211 type:P dur:2 cpbdur:2 q:11.91 aq:1.33 tex:174223 mv:7203 misc:1614 imb:244 pmb:933 smb:7463 d:s ref:0 ;
in:213 out:212 type:B dur:2 cpbdur:2 q:12.42 aq:1.81 tex:62321 mv:5836 misc:1523 imb:34 pmb:805 smb:7801 d:s ref:0 ;
in:211 out:213 type:b dur:2 cpbdur:2 q:12.45 aq:4.11 tex:21262 mv:3854 misc:1556 imb:16 pmb:551 smb:8073 d:s ref:0 ;
in:212 out:214 type:b dur:2 cpbdur:2 q:12.45 aq:4.03 tex:17780 mv:3661 misc:1543 imb:23 pmb:472 smb:8145 d:s ref:0 ;
in:214 out:215 type:b dur:2 cpbdur:2 q:12.45 aq:4.11 tex:23589 mv:3795 misc:1488 imb:19 pmb:505 smb:8116 d:- ref:0 ;
in:215 out:216 type:b dur:2 cpbdur:2 q:12.45 aq:4.01 tex:24215 mv:4529 misc:1472 imb:20 pmb:607 smb:8013 d:- ref:0 ;
in:216 out:217 type:b dur:2 cpbdur:2 q:12.45 aq:3.91 tex:19313 mv:3698 misc:1573 imb:11 pmb:512 smb:8117 d:- ref:0 ;
in:223 out:218 type:P dur:2 cpbdur:2 q:11.41 aq:1.19 tex:167899 mv:6656 misc:1709 imb:246 pmb:926 smb:7468 d:s ref:0 ;
in:220 out:219 type:B dur:2 cpbdur:2 q:12.00 aq:1.64 tex:62062 mv:5866 misc:1392 imb:33 pmb:798 smb:7809 d:t ref:0 ;
in:218 out:220 type:b dur:2 cpbdur:2 q:12.10 aq:3.89 tex:21338 mv:3600 misc:1558 imb:22 pmb:502 smb:8116 d:s ref:0 ;
in:219 out:221 type:b dur:2 cpbdur:2 q:12.09 aq:3.95 tex:18430 mv:3068 misc:1438 imb:17 pmb:456 smb:8167 d:s ref:0 ;
in:221 out:222 type:b dur:2 cpbdur:2 q:12.09 aq:3.82 tex:21926 mv:3403 misc:1495 imb:14 pmb:494 smb:8132 d:- ref:0 ;
in:222 out:223 type:b dur:2 cpbdur:2 q:12.09 aq:4.26 tex:21844 mv:3175 misc:1557 imb:16 pmb:482 smb:8142 d:- ref:0 ;
in:228 out:224 type:P dur:2 cpbdur:2 q:11.11 aq:0.94 tex:207212 mv:6103 misc:1509 imb:236 pmb:956 smb:7448 d:s ref:0 ;
in:225 out:225 type:B dur:2 cpbdur:2 q:11.59 aq:1.63 tex:53944 mv:4879 misc:1521 imb:31 pmb:742 smb:7867 d:s ref:0 ;
in:224 out:226 type:b dur:2 cpbdur:2 q:11.70 aq:3.10 tex:20508 mv:3611 misc:1569 imb:11 pmb:579 smb:8050 d:s ref:0 ;
in:226 out:227 type:b dur:2 cpbdur:2 q:11.70 aq:3.44 tex:20764 mv:3053 misc:1463 imb:11 pmb:501 smb:8128 d:- ref:0 ;
in:227 out:228 type:b dur:2 cpbdur:2 q:11.70 aq:3.30 tex:21082 mv:3001 misc:1613 imb:18 pmb:471 smb:8151 d:- ref:0 ;
in:235 out:229 type:P dur:2 cpbdur:2 q:10.90 aq:0.87 tex:188519 mv:6499 misc:1598 imb:280 pmb:837 smb:7523 d:s ref:0 ;
in:231 out:230 type:B dur:2 cpbdur:2 q:11.29 aq:1.15 tex:75883 mv:5246 misc:1519 imb:28 pmb:805 smb:7807 d:s ref:0 ;
in:229 out:231 type:b dur:2 cpbdur:2 q:11.38 aq:2.51 tex:23001 mv:2710 misc:1609 imb:17 pmb:483 smb:8140 d:s ref:0 ;
in:230 out:232 type:b dur:2 cpbdur:2 q:11.38 aq:2.73 tex:23702 mv:2578 misc:1496 imb:12 pmb:475 smb:8153 d:s ref:0 ;
in:232 out:233 type:b dur:2 cpbdur:2 q:11.38 aq:2.81 tex:25950 mv:3048 misc:1586 imb:22 pmb:503 smb:8115 d:- ref:0 ;
in:233 out:234 type:b dur:2 cpbdur:2 q:11.38 aq:2.79 tex:31165 mv:4913 misc:1514 imb:25 pmb:648 smb:7967 d:- ref:0 ;
in:234 out:235 type:b dur:2 cpbdur:2 q:11.38 aq:2.39 tex:23633 mv:2858 misc:1533 imb:16 pmb:486 smb:8138 d:- ref:0 ;
in:243 out:236 type:P dur:2 cpbdur:2 q:10.57 aq:1.11 tex:186767 mv:6600 misc:1553 imb:321 pmb:785 smb:7534 d:s ref:0 ;
in:239 out:237 type:B dur:2 cpbdur:2 q:10.97 aq:1.14 tex:89820 mv:5621 misc:1367 imb:37 pmb:829 smb:7774 d:t ref:0 ;
in:236 out:238 type:b dur:2 cpbdur:2 q:11.09 aq:2.73 tex:26800 mv:3232 misc:1536 imb:25 pmb:519 smb:8096 d:s ref:0 ;
in:237 out:239 type:b dur:2 cpbdur:2 q:11.09 aq:2.86 tex:31283 mv:4391 misc:1438 imb:24 pmb:612 smb:8004 d:s ref:0 ;
in:238 out:240 type:b dur:2 cpbdur:2 q:11.09 aq:2.76 tex:24437 mv:2707 misc:1464 imb:14 pmb:486 smb:8140 d:s ref:0 ;
in:240 out:241 type:b dur:2 cpbdur:2 q:11.09 aq:2.88 tex:24470 mv:2785 misc:1553 imb:24 pmb:468 smb:8148 d:- ref:0 ;
in:241 out:242 type:b dur:2 cpbdur:2 q:11.09 aq:2.61 tex:30776 mv:4530 misc:1414 imb:29 pmb:617 smb:7994 d:- ref:0 ;
in:242 out:243 type:b dur:2 cpbdur:2 q:11.09 aq:2.80 tex:26524 mv:3505 misc:1435 imb:23 pmb:499 smb:8118 d:- ref:0 ;
in:249 out:244 type:P dur:2 cpbdur:2 q:10.24 aq:0.93 tex:176777 mv:5986 misc:1429 imb:313 pmb:713 smb:7614 d:s ref:0 ;
in:246 out:245 type:B dur:2 cpbdur:2 q:10.62 aq:1.97 tex:39453 mv:4649 misc:1402 imb:37 pmb:594 smb:8009 d:s ref:0 ;
in:244 out:246 type:b dur:2 cpbdur:2 q:10.77 aq:2.51 tex:27488 mv:2958 misc:1522 imb:28 pmb:475 smb:8137 d:s ref:0 ;
in:245 out:247 type:b dur:2 cpbdur:2 q:10.77 aq:1.90 tex:29538 mv:3052 misc:1458 imb:19 pmb:524 smb:8097 d:s ref:0 ;
in:247 out:248 type:b dur:2 cpbdur:2 q:10.77 aq:2.51 tex:29108 mv:3051 misc:1457 imb:15 pmb:526 smb:8099 d:- ref:0 ;
in:248 out:249 type:b dur:2 cpbdur:2 q:10.77 aq:1.98 tex:26279 mv:2758 misc:1395 imb:10 pmb:472 smb:8158 d:- ref:0 ;
in:250 out:250 type:I dur:2 cpbdur:2 q:6.86 aq:0.13 tex:843695 mv:36881 misc:488 imb:8640 pmb:0 smb:0 d:s ref:;
in:259 out:251 type:P dur:2 cpbdur:2 q:9.53 aq:0.28 tex:205768 mv:6056 misc:1344 imb:403 pmb:567 smb:7670 d:s ref:0 ;
in:254 out:252 type:B dur:2 cpbdur:2 q:9.53 aq:0.35 tex:116507 mv:5234 misc:1491 imb:58 pmb:773 smb:7809 d:s ref:0 ;
in:251 out:253 type:b dur:2 cpbdur:2 q:9.53 aq:0.75 tex:56683 mv:2982 misc:1639 imb:20 pmb:598 smb:8022 d:s ref:0 ;
in:252 out:254 type:b dur:2 cpbdur:2 q:9.53 aq:0.80 tex:73553 mv:4538 misc:1429 imb:35 pmb:667 smb:7938 d:s ref:0 ;
in:253 out:255 type:b dur:2 cpbdur:2 q:9.53 aq:0.76 tex:67211 mv:3178 misc:1195 imb:28 pmb:594 smb:8018 d:s ref:0 ;
in:255 out:256 type:b dur:2 cpbdur:2 q:9.53 aq:0.79 tex:69266 mv:3476 misc:1250 imb:47 pmb:597 smb:7996 d:- ref:0 ;
in:256 out:257 type:b dur:2 cpbdur:2 q:9.53 aq:0.81 tex:76255 mv:3879 misc:1122 imb:27 pmb:659 smb:7954 d:- ref:0 ;
in:257 out:258 type:b dur:2 cpbdur:2 q:9.53 aq:0.80 tex:76167 mv:4151 misc:1042 imb:33 pmb:616 smb:7991 d:- ref:0 ;
in:258 out:259 type:b dur:2 cpbdur:2 q:9.53 aq:0.32 tex:65167 mv:3184 misc:1209 imb:34 pmb:567 smb:8039 d:- ref:0 ;
in:268 out:260 type:P dur:2 cpbdur:2 q:9.35 aq:0.20 tex:177126 mv:5154 misc:896 imb:434 pmb:387 smb:7819 d:s ref:0 ;
in:263 out:261 type:B dur:2 cpbdur:2 q:9.53 aq:0.60 tex:100811 mv:4436 misc:1105 imb:77 pmb:634 smb:7929 d:s ref:0 ;
in:260 out:262 type:b dur:2 cpbdur:2 q:9.53 aq:0.73 tex:65850 mv:3177 misc:1141 imb:45 pmb:546 smb:8049 d:s ref:0 ;
in:261 out:263 type:b dur:2 cpbdur:2 q:9.53 aq:0.69 tex:76843 mv:4299 misc:1034 imb:47 pmb:585 smb:8008 d:s ref:0 ;
in:262 out:264 type:b dur:2 cpbdur:2 q:9.53 aq:0.67 tex:64098 mv:3441 misc:1053 imb:34 pmb:543 smb:8063 d:s ref:0 ;
in:264 out:265 type:b dur:2 cpbdur:2 q:9.53 aq:0.69 tex:68304 mv:3062 misc:1010 imb:36 pmb:543 smb:8061 d:- ref:0 ;
in:265 out:266 type:b dur:2 cpbdur:2 q:9.53 aq:0.61 tex:75646 mv:3934 misc:988 imb:48 pmb:556 smb:8036 d:- ref:0 ;
in:266 out:267 type:b dur:2 cpbdur:2 q:9.53 aq:0.67 tex:75416 mv:3888 misc:1032 imb:49 pmb:519 smb:8072 d:- ref:0 ;
in:267 out:268 type:b dur:2 cpbdur:2 q:9.53 aq:0.59 tex:69414 mv:3438 misc:1076 imb:50 pmb:488 smb:8102 d:- ref:0 ;
in:275 out:269 type:P dur:2 cpbdur:2 q:8.01 aq:0.15 tex:170001 mv:4254 misc:1057 imb:437 pmb:338 smb:7865 d:s ref:0 ;
in:271 out:270 type:B dur:2 cpbdur:2 q:9.34 aq:0.60 tex:85450 mv:4392 misc:958 imb:119 pmb:516 smb:8005 d:s ref:0 ;
in:269 out:271 type:b dur:2 cpbdur:2 q:9.34 aq:0.62 tex:68121 mv:3392 misc:1063 imb:33 pmb:497 smb:8110 d:s ref:0 ;
in:270 out:272 type:b dur:2 cpbdur:2 q:9.34 aq:0.63 tex:68035 mv:3449 misc:956 imb:45 pmb:472 smb:8123 d:s ref:0 ;
in:272 out:273 type:b dur:2 cpbdur:2 q:9.34 aq:0.71 tex:69604 mv:3826 misc:930 imb:83 pmb:463 smb:8094 d:- ref:0 ;
in:273 out:274 type:b dur:2 cpbdur:2 q:9.33 aq:0.38 tex:62060 mv:3812 misc:920 imb:70 pmb:497 smb:8073 d:- ref:0 ;
in:274 out:275 type:b dur:2 cpbdur:2 q:9.33 aq:0.35 tex:4088 mv:337 misc:999 imb:0 pmb:139 smb:8501 d:- ref:0 ;
in:284 out:276 type:P dur:2 cpbdur:2 q:7.54 aq:0.11 tex:25666 mv:276 misc:1378 imb:7 pmb:290 smb:8343 d:s ref:0 ;
in:279 out:277 type:B dur:2 cpbdur:2 q:8.01 aq:0.00 tex:3671 mv:240 misc:1049 imb:0 pmb:124 smb:8516 d:s ref:0 ;
in:276 out:278 type:b dur:2 cpbdur:2 q:8.01 aq:0.00 tex:3085 mv:231 misc:988 imb:0 pmb:115 smb:8525 d:s ref:0 ;
in:277 out:279 type:b dur:2 cpbdur:2 q:8.01 aq:0.00 tex:2528 mv:180 misc:900 imb:0 pmb:88 smb:8552 d:s ref:0 ;
in:278 out:280 type:b dur:2 cpbdur:2 q:8.01 aq:0.00 tex:2018 mv:61 misc:753 imb:0 pmb:53 smb:8587 d:s ref:0 ;
in:280 out:281 type:b dur:2 cpbdur:2 q:8.01 aq:0.00 tex:2036 mv:24 misc:748 imb:0 pmb:53 smb:8587 d:- ref:0 ;
in:281 out:282 type:b dur:2 cpbdur:2 q:8.01 aq:0.00 tex:2036 mv:24 misc:748 imb:0 pmb:53 smb:8587 d:- ref:0 ;
in:282 out:283 type:b dur:2 cpbdur:2 q:8.01 aq:0.00 tex:2082 mv:87 misc:799 imb:0 pmb:61 smb:8579 d:- ref:0 ;
in:283 out:284 type:b dur:2 cpbdur:2 q:8.01 aq:0.00 tex:2082 mv:87 misc:799 imb:0 pmb:61 smb:8579 d:- ref:0 ;
in:293 out:285 type:P dur:2 cpbdur:2 q:7.13 aq:0.13 tex:11923 mv:199 misc:1254 imb:7 pmb:178 smb:8455 d:s ref:0 ;
in:288 out:286 type:B dur:2 cpbdur:2 q:7.54 aq:0.00 tex:2547 mv:75 misc:882 imb:0 pmb:73 smb:8567 d:s ref:0 ;
in:285 out:287 type:b dur:2 cpbdur:2 q:7.54 aq:0.00 tex:2194 mv:105 misc:829 imb:0 pmb:67 smb:8573 d:s ref:0 ;
in:286 out:288 type:b dur:2 cpbdur:2 q:7.54 aq:0.00 tex:2081 mv:92 misc:795 imb:0 pmb:62 smb:8578 d:s ref:0 ;
in:287 out:289 type:b dur:2 cpbdur:2 q:7.54 aq:0.00 tex:2067 mv:26 misc:763 imb:0 pmb:56 smb:8584 d:s ref:0 ;
in:289 out:290 type:b dur:2 cpbdur:2 q:7.54 aq:0.00 tex:2067 mv:26 misc:763 imb:0 pmb:56 smb:8584 d:- ref:0 ;
in:290 out:291 type:b dur:2 cpbdur:2 q:7.54 aq:0.00 tex:2067 mv:26 misc:763 imb:0 pmb:56 smb:8584 d:- ref:0 ;
in:291 out:292 type:b dur:2 cpbdur:2 q:7.54 aq:0.00 tex:2111 mv:83 misc:806 imb:0 pmb:63 smb:8577 d:- ref:0 ;
in:292 out:293 type:b dur:2 cpbdur:2 q:7.54 aq:0.00 tex:2111 mv:83 misc:806 imb:0 pmb:63 smb:8577 d:- ref:0 ;
in:302 out:294 type:P dur:2 cpbdur:2 q:6.55 aq:0.10 tex:12645 mv:202 misc:1193 imb:7 pmb:167 smb:8466 d:s ref:0 ;
in:297 out:295 type:B dur:2 cpbdur:2 q:7.13 aq:0.00 tex:2511 mv:21 misc:868 imb:0 pmb:69 smb:8571 d:s ref:0 ;
in:294 out:296 type:b dur:2 cpbdur:2 q:7.13 aq:0.00 tex:2135 mv:84 misc:813 imb:0 pmb:64 smb:8576 d:s ref:0 ;
in:295 out:297 type:b dur:2 cpbdur:2 q:7.13 aq:0.00 tex:2096 mv:58 misc:790 imb:0 pmb:60 smb:8580 d:s ref:0 ;
in:296 out:298 type:b dur:2 cpbdur:2 q:7.13 aq:0.00 tex:2097 mv:19 misc:772 imb:0 pmb:57 smb:8583 d:s ref:0 ;
in:298 out:299 type:b dur:2 cpbdur:2 q:7.13 aq:0.00 tex:2097 mv:19 misc:772 imb:0 pmb:57 smb:8583 d:- ref:0 ;
in:299 out:300 type:b dur:2 cpbdur:2 q:7.13 aq:0.00 tex:2097 mv:19 misc:772 imb:0 pmb:57 smb:8583 d:- ref:0 ;
in:300 out:301 type:b dur:2 cpbdur:2 q:7.12 aq:0.00 tex:2121 mv:81 misc:814 imb:0 pmb:64 smb:8576 d:- ref:0 ;
in:301 out:302 type:b dur:2 cpbdur:2 q:7.12 aq:0.00 tex:2121 mv:81 misc:814 imb:0 pmb:64 smb:8576 d:- ref:0 ;
in:311 out:303 type:P dur:2 cpbdur:2 q:5.85 aq:0.50 tex:11352 mv:182 misc:1154 imb:7 pmb:155 smb:8478 d:s ref:0 ;
in:306 out:304 type:B dur:2 cpbdur:2 q:6.54 aq:0.00 tex:2494 mv:40 misc:866 imb:0 pmb:70 smb:8570 d:s ref:0 ;
in:303 out:305 type:b dur:2 cpbdur:2 q:6.54 aq:0.00 tex:2210 mv:80 misc:822 imb:0 pmb:65 smb:8575 d:s ref:0 ;
in:304 out:306 type:b dur:2 cpbdur:2 q:6.54 aq:0.00 tex:2185 mv:54 misc:801 imb:0 pmb:61 smb:8579 d:s ref:0 ;
in:305 out:307 type:b dur:2 cpbdur:2 q:6.54 aq:0.00 tex:2176 mv:21 misc:779 imb:0 pmb:58 smb:8582 d:s ref:0 ;
in:307 out:308 type:b dur:2 cpbdur:2 q:6.54 aq:0.00 tex:2176 mv:21 misc:779 imb:0 pmb:58 smb:8582 d:- ref:0 ;
in:308 out:309 type:b dur:2 cpbdur:2 q:6.54 aq:0.00 tex:2176 mv:21 misc:779 imb:0 pmb:58 smb:8582 d:- ref:0 ;
in:309 out:310 type:b dur:2 cpbdur:2 q:6.54 aq:0.00 tex:2218 mv:81 misc:821 imb:0 pmb:65 smb:8575 d:- ref:0 ;
in:310 out:311 type:b dur:2 cpbdur:2 q:6.54 aq:0.00 tex:2218 mv:81 misc:821 imb:0 pmb:65 smb:8575 d:- ref:0 ;
in:320 out:312 type:P dur:2 cpbdur:2 q:5.15 aq:0.45 tex:9713 mv:201 misc:1166 imb:7 pmb:175 smb:8458 d:s ref:0 ;
in:315 out:313 type:B dur:2 cpbdur:2 q:5.84 aq:0.02 tex:2587 mv:39 misc:878 imb:0 pmb:72 smb:8568 d:s ref:0 ;
in:312 out:314 type:b dur:2 cpbdur:2 q:5.84 aq:0.00 tex:2244 mv:82 misc:826 imb:0 pmb:66 smb:8574 d:s ref:0 ;
in:313 out:315 type:b dur:2 cpbdur:2 q:5.84 aq:0.00 tex:2210 mv:54 misc:808 imb:0 pmb:62 smb:8578 d:s ref:0 ;
in:314 out:316 type:b dur:2 cpbdur:2 q:5.84 aq:0.00 tex:2205 mv:22 misc:789 imb:0 pmb:59 smb:8581 d:s ref:0 ;
in:316 out:317 type:b dur:2 cpbdur:2 q:5.84 aq:0.00 tex:2205 mv:22 misc:789 imb:0 pmb:59 smb:8581 d:- ref:0 ;
in:317 out:318 type:b dur:2 cpbdur:2 q:5.84 aq:0.00 tex:2205 mv:22 misc:789 imb:0 pmb:59 smb:8581 d:- ref:0 ;
in:318 out:319 type:b dur:2 cpbdur:2 q:5.84 aq:0.00 tex:2242 mv:80 misc:830 imb:0 pmb:66 smb:8574 d:- ref:0 ;
in:319 out:320 type:b dur:2 cpbdur:2 q:5.84 aq:0.00 tex:2242 mv:80 misc:830 imb:0 pmb:66 smb:8574 d:- ref:0 ;
in:329 out:321 type:P dur:2 cpbdur:2 q:4.47 aq:0.01 tex:10185 mv:203 misc:1236 imb:7 pmb:196 smb:8437 d:s ref:0 ;
in:324 out:322 type:B dur:2 cpbdur:2 q:5.15 aq:0.03 tex:2584 mv:22 misc:874 imb:0 pmb:71 smb:8569 d:s ref:0 ;
in:321 out:323 type:b dur:2 cpbdur:2 q:5.15 aq:0.00 tex:2242 mv:79 misc:831 imb:0 pmb:66 smb:8574 d:s ref:0 ;
in:322 out:324 type:b dur:2 cpbdur:2 q:5.15 aq:0.00 tex:2216 mv:54 misc:802 imb:0 pmb:62 smb:8578 d:s ref:0 ;
in:323 out:325 type:b dur:2 cpbdur:2 q:5.15 aq:0.00 tex:2207 mv:22 misc:787 imb:0 pmb:59 smb:8581 d:s ref:0 ;
in:325 out:326 type:b dur:2 cpbdur:2 q:5.15 aq:0.00 tex:2207 mv:22 misc:787 imb:0 pmb:59 smb:8581 d:- ref:0 ;
in:326 out:327 type:b dur:2 cpbdur:2 q:5.15 aq:0.00 tex:2207 mv:22 misc:787 imb:0 pmb:59 smb:8581 d:- ref:0 ;
in:327 out:328 type:b dur:2 cpbdur:2 q:5.15 aq:0.00 tex:2245 mv:82 misc:825 imb:0 pmb:66 smb:8574 d:- ref:0 ;
in:328 out:329 type:b dur:2 cpbdur:2 q:5.15 aq:0.00 tex:2245 mv:82 misc:825 imb:0 pmb:66 smb:8574 d:- ref:0 ;
in:338 out:330 type:P dur:2 cpbdur:2 q:3.83 aq:0.00 tex:9421 mv:206 misc:1237 imb:7 pmb:196 smb:8437 d:s ref:0 ;
in:333 out:331 type:B dur:2 cpbdur:2 q:4.47 aq:0.02 tex:2714 mv:25 misc:885 imb:0 pmb:73 smb:8567 d:s ref:0 ;
in:330 out:332 type:b dur:2 cpbdur:2 q:4.47 aq:0.00 tex:2281 mv:81 misc:830 imb:0 pmb:67 smb:8573 d:s ref:0 ;
in:331 out:333 type:b dur:2 cpbdur:2 q:4.47 aq:0.00 tex:2247 mv:56 misc:809 imb:0 pmb:63 smb:8577 d:s ref:0 ;
in:332 out:334 type:b dur:2 cpbdur:2 q:4.47 aq:0.00 tex:2242 mv:22 misc:792 imb:0 pmb:60 smb:8580 d:s ref:0 ;
in:334 out:335 type:b dur:2 cpbdur:2 q:4.47 aq:0.00 tex:2242 mv:22 misc:792 imb:0 pmb:60 smb:8580 d:- ref:0 ;
in:335 out:336 type:b dur:2 cpbdur:2 q:4.47 aq:0.00 tex:2242 mv:22 misc:792 imb:0 pmb:60 smb:8580 d:- ref:0 ;
in:336 out:337 type:b dur:2 cpbdur:2 q:4.47 aq:0.00 tex:2282 mv:78 misc:832 imb:0 pmb:67 smb:8573 d:- ref:0 ;
in:337 out:338 type:b dur:2 cpbdur:2 q:4.47 aq:0.00 tex:2282 mv:78 misc:832 imb:0 pmb:67 smb:8573 d:- ref:0 ;
in:347 out:339 type:P dur:2 cpbdur:2 q:3.10 aq:0.02 tex:6110 mv:180 misc:1182 imb:7 pmb:136 smb:8497 d:s ref:0 ;
in:342 out:340 type:B dur:2 cpbdur:2 q:3.82 aq:0.00 tex:2806 mv:24 misc:898 imb:0 pmb:76 smb:8564 d:s ref:0 ;
in:339 out:341 type:b dur:2 cpbdur:2 q:3.83 aq:0.00 tex:2279 mv:79 misc:834 imb:0 pmb:67 smb:8573 d:s ref:0 ;
in:340 out:342 type:b dur:2 cpbdur:2 q:3.83 aq:0.00 tex:2253 mv:55 misc:812 imb:0 pmb:63 smb:8577 d:s ref:0 ;
in:341 out:343 type:b dur:2 cpbdur:2 q:3.83 aq:0.00 tex:2248 mv:22 misc:786 imb:0 pmb:60 smb:8580 d:s ref:0 ;
in:343 out:344 type:b dur:2 cpbdur:2 q:3.82 aq:0.00 tex:2248 mv:22 misc:786 imb:0 pmb:60 smb:8580 d:- ref:0 ;
in:344 out:345 type:b dur:2 cpbdur:2 q:3.82 aq:0.00 tex:2248 mv:22 misc:786 imb:0 pmb:60 smb:8580 d:- ref:0 ;
in:345 out:346 type:b dur:2 cpbdur:2 q:3.82 aq:0.00 tex:2286 mv:79 misc:835 imb:0 pmb:67 smb:8573 d:- ref:0 ;
in:346 out:347 type:b dur:2 cpbdur:2 q:3.82 aq:0.00 tex:2286 mv:79 misc:835 imb:0 pmb:67 smb:8573 d:- ref:0 ;
in:356 out:348 type:P dur:2 cpbdur:2 q:2.39 aq:0.00 tex:3719 mv:175 misc:954 imb:7 pmb:77 smb:8556 d:s ref:0 ;
in:351 out:349 type:B dur:2 cpbdur:2 q:3.10 aq:0.00 tex:2957 mv:28 misc:911 imb:0 pmb:80 smb:8560 d:s ref:0 ;
in:348 out:350 type:b dur:2 cpbdur:2 q:3.10 aq:0.00 tex:2350 mv:77 misc:845 imb:0 pmb:69 smb:8571 d:s ref:0 ;
in:349 out:351 type:b dur:2 cpbdur:2 q:3.10 aq:0.00 tex:2316 mv:55 misc:821 imb:0 pmb:65 smb:8575 d:s ref:0 ;
in:350 out:352 type:b dur:2 cpbdur:2 q:3.10 aq:0.00 tex:2303 mv:23 misc:802 imb:0 pmb:62 smb:8578 d:s ref:0 ;
in:352 out:353 type:b dur:2 cpbdur:2 q:3.10 aq:0.00 tex:2303 mv:23 misc:802 imb:0 pmb:62 smb:8578 d:- ref:0 ;
in:353 out:354 type:b dur:2 cpbdur:2 q:3.10 aq:0.00 tex:2303 mv:23 misc:802 imb:0 pmb:62 smb:8578 d:- ref:0 ;
in:354 out:355 type:b dur:2 cpbdur:2 q:3.10 aq:0.00 tex:2346 mv:78 misc:848 imb:0 pmb:69 smb:8571 d:- ref:0 ;
in:355 out:356 type:b dur:2 cpbdur:2 q:3.09 aq:0.00 tex:2346 mv:78 misc:848 imb:0 pmb:69 smb:8571 d:- ref:0 ;
in:360 out:357 type:P dur:2 cpbdur:2 q:1.99 aq:0.00 tex:3041 mv:174 misc:897 imb:7 pmb:62 smb:8571 d:s ref:0 ;
in:358 out:358 type:B dur:2 cpbdur:2 q:2.39 aq:0.02 tex:2778 mv:26 misc:892 imb:0 pmb:74 smb:8566 d:s ref:0 ;
in:357 out:359 type:b dur:2 cpbdur:2 q:2.39 aq:0.00 tex:2357 mv:65 misc:826 imb:0 pmb:66 smb:8574 d:s ref:0 ;
in:359 out:360 type:b dur:2 cpbdur:2 q:2.39 aq:0.00 tex:2356 mv:67 misc:825 imb:0 pmb:66 smb:8574 d:- ref:0 ;
